id	priority	createdTime	startedTime	terminatedTime	cpuTime	blockedTime	turnaroundTime	waitingTime	responseTime
1	0	0	1	20	19	0	20	1	1
8	0	65	416	447	31	0	382	351	351
15	0	100	552	576	24	0	476	452	452
24	0	227	808	814	6	0	587	581	581
3	0	6	29	1160	67	4	1154	1083	23
32	0	310	1199	1203	4	0	893	889	889
34	0	324	1237	1261	24	0	937	913	913
51	0	456	1817	1825	8	0	1369	1361	1361
11	0	86	479	2091	9	3	2005	1993	393
12	0	90	488	2177	77	1	2087	2009	398
13	0	92	507	2210	38	2	2118	2078	415
66	0	598	2466	2480	14	0	1882	1868	1868
68	0	633	2491	2534	43	0	1901	1858	1858
75	0	706	2914	2919	5	0	2213	2208	2208
83	0	767	3357	3364	7	0	2597	2590	2590
88	0	817	3630	3673	43	0	2856	2813	2813
93	0	860	3844	3863	19	0	3003	2984	2984
26	0	232	841	3867	30	2	3635	3603	609
95	0	879	3918	4029	111	0	3150	3039	3039
96	0	892	4081	4085	4	0	3193	3189	3189
98	0	914	4141	4241	100	0	3327	3227	3227
29	0	243	893	4254	30	2	4011	3979	650
99	0	918	4255	4317	62	0	3399	3337	3337
106	0	985	4416	4425	9	0	3440	3431	3431
107	0	1009	4426	4440	14	0	3431	3417	3417
109	0	1013	4447	4466	19	0	3453	3434	3434
112	0	1056	4543	4612	69	0	3556	3487	3487
116	0	1092	4673	4678	5	0	3586	3581	3581
118	0	1115	4686	4713	27	0	3598	3571	3571
31	0	257	1114	4754	45	4	4497	4448	857
124	0	1180	4889	4905	16	0	3725	3709	3709
4	0	16	31	4913	57	4	4897	4836	15
33	0	318	1204	5004	39	1	4686	4646	886
131	0	1300	5178	5199	21	0	3899	3878	3878
38	0	346	1342	5509	26	1	5163	5136	996
139	0	1366	5588	5645	57	0	4279	4222	4222
140	0	1368	5646	5680	34	0	4312	4278	4278
40	0	348	1363	5689	25	1	5341	5315	1015
41	0	362	1381	5874	59	1	5512	5452	1019
146	0	1445	5907	5926	19	0	4481	4462	4462
43	0	393	1456	5989	71	1	5596	5524	1063
6	0	54	285	6015	152	2	5961	5807	231
150	0	1504	6087	6094	7	0	4590	4583	4583
151	0	1506	6095	6137	42	0	4631	4589	4589
156	0	1591	6430	6436	6	0	4845	4839	4839
47	0	444	1605	6530	73	1	6086	6012	1161
161	0	1685	6764	6773	9	0	5088	5079	5079
172	0	1794	7116	7217	101	0	5423	5322	5322
173	0	1797	7218	7230	12	0	5433	5421	5421
177	0	1816	7288	7343	55	0	5527	5472	5472
180	0	1865	7421	7428	7	0	5563	5556	5556
183	0	1884	7536	7661	125	0	5777	5652	5652
194	0	1964	8031	8036	5	0	6072	6067	6067
196	0	1977	8101	8112	11	0	6135	6124	6124
201	0	2003	8233	8290	57	0	6287	6230	6230
202	0	2008	8291	8385	94	0	6377	6283	6283
204	0	2018	8429	8447	18	0	6429	6411	6411
222	0	2174	8983	8986	3	0	6812	6809	6809
225	0	2203	9059	9071	12	0	6868	6856	6856
227	0	2214	9090	9112	22	0	6898	6876	6876
230	0	2264	9252	9257	5	0	6993	6988	6988
62	0	567	2261	9426	33	1	8859	8825	1694
235	0	2298	9524	9570	46	0	7272	7226	7226
239	0	2354	9699	9766	67	0	7412	7345	7345
240	0	2372	9767	9787	20	0	7415	7395	7395
65	0	587	2303	9825	112	1	9238	9125	1716
16	0	143	577	9953	122	4	9810	9684	434
258	0	2662	10440	10446	6	0	7784	7778	7778
74	0	677	2785	11116	43	1	10439	10395	2108
282	0	2874	11245	11255	10	0	8381	8371	8371
285	0	2902	11363	11383	20	0	8481	8461	8461
295	0	2983	11669	11681	12	0	8698	8686	8686
296	0	2998	11682	11712	30	0	8714	8684	8684
297	0	2999	11713	11744	31	0	8745	8714	8714
77	0	729	3007	11825	61	1	11096	11034	2278
305	0	3166	12203	12268	65	0	9102	9037	9037
306	0	3180	12269	12335	66	0	9155	9089	9089
307	0	3196	12336	12358	22	0	9162	9140	9140
309	0	3207	12397	12419	22	0	9212	9190	9190
317	0	3253	12504	12536	32	0	9283	9251	9251
319	0	3266	12578	12607	29	0	9341	9312	9312
326	0	3319	12755	12823	68	0	9504	9436	9436
330	0	3339	12868	12886	18	0	9547	9529	9529
81	0	760	3273	12942	93	3	12182	12086	2513
82	0	761	3350	13036	54	1	12275	12220	2589
338	0	3407	13239	13268	29	0	9861	9832	9832
85	0	782	3369	13375	146	1	12593	12446	2587
342	0	3462	13376	13390	14	0	9928	9914	9914
343	0	3465	13391	13407	16	0	9942	9926	9926
86	0	783	3458	13422	21	1	12639	12617	2675
344	0	3475	13423	13453	30	0	9978	9948	9948
345	0	3477	13454	13480	26	0	10003	9977	9977
347	0	3485	13498	13557	59	0	10072	10013	10013
353	0	3541	13778	13849	71	0	10308	10237	10237
357	0	3571	13917	13965	48	0	10394	10346	10346
21	0	222	786	14110	83	3	13888	13802	564
23	0	225	803	14197	64	3	13972	13905	578
90	0	820	3710	14381	89	1	13561	13471	2890
371	0	3794	14476	14485	9	0	10691	10682	10682
373	0	3815	14518	14521	3	0	10706	10703	10703
92	0	851	3822	14570	65	1	13719	13653	2971
380	0	3904	14797	14815	18	0	10911	10893	10893
381	0	3906	14816	14817	1	0	10911	10910	10910
384	0	3934	14965	14970	5	0	11036	11031	11031
386	0	3948	15002	15031	29	0	11083	11054	11054
395	0	4049	15262	15294	32	0	11245	11213	11213
411	0	4213	15982	15987	5	0	11774	11769	11769
415	0	4247	16033	16046	13	0	11799	11786	11786
419	0	4271	16133	16134	1	0	11863	11862	11862
420	0	4283	16135	16158	23	0	11875	11852	11852
102	0	940	4327	16371	31	1	15431	15399	3387
431	0	4393	16753	16782	29	0	12389	12360	12360
104	0	958	4381	16784	13	1	15826	15812	3423
432	0	4401	16785	16830	45	0	12429	12384	12384
439	0	4469	17068	17071	3	0	12602	12599	12599
443	0	4511	17171	17202	31	0	12691	12660	12660
445	0	4531	17276	17299	23	0	12768	12745	12745
111	0	1049	4472	17331	92	1	16282	16189	3423
114	0	1078	4618	17578	17	2	16500	16481	3540
456	0	4644	17589	17667	78	0	13023	12945	12945
115	0	1080	4628	17706	60	1	16626	16565	3548
463	0	4716	17846	17857	11	0	13141	13130	13130
119	0	1131	4755	18011	19	1	16880	16860	3624
471	0	4798	18091	18115	24	0	13317	13293	13293
472	0	4800	18116	18204	88	0	13404	13316	13316
120	0	1142	4770	18235	64	2	17093	17027	3628
121	0	1152	4805	18256	34	1	17104	17069	3653
123	0	1169	4846	18514	90	1	17345	17254	3677
483	0	5007	18683	18716	33	0	13709	13676	13676
484	0	5016	18717	18782	65	0	13766	13701	13701
485	0	5018	18783	18883	100	0	13865	13765	13765
498	0	5144	19236	19261	25	0	14117	14092	14092
130	0	1298	5174	19344	4	3	18046	18039	3876
36	0	330	1294	19367	107	3	19037	18927	964
134	0	1334	5294	19460	123	2	18126	18001	3960
138	0	1363	5542	19537	23	2	18174	18149	4179
143	0	1398	5795	19593	61	1	18195	18133	4397
144	0	1404	5847	19697	108	1	18293	18184	4443
148	0	1493	5999	19815	69	2	18322	18251	4506
45	0	410	1522	19953	54	4	19543	19485	1112
154	0	1554	6247	19972	29	1	18418	18388	4693
155	0	1589	6297	20023	161	1	18434	18272	4708
46	0	429	1557	20051	81	5	19622	19536	1128
159	0	1639	6632	20101	41	1	18462	18420	4993
163	0	1695	6843	20215	68	1	18520	18451	5148
167	0	1742	6900	20288	107	4	18546	18435	5158
168	0	1755	6993	20322	51	1	18567	18515	5238
170	0	1787	7047	20331	36	3	18544	18505	5260
171	0	1793	7079	20339	43	1	18546	18502	5286
174	0	1799	7231	20353	29	2	18554	18523	5432
178	0	1832	7382	20467	46	3	18635	18586	5550
179	0	1845	7401	20500	51	5	18655	18599	5556
182	0	1876	7519	20559	23	1	18683	18659	5643
188	0	1907	7792	20752	42	1	18845	18802	5885
189	0	1912	7814	20832	141	3	18920	18776	5902
190	0	1930	7877	20868	69	1	18938	18868	5947
192	0	1957	7944	20893	95	1	18936	18840	5987
9	0	70	448	21066	104	5	20996	20887	378
203	0	2015	8386	21082	51	1	19067	19015	6371
206	0	2031	8463	21132	56	1	19101	19044	6432
212	0	2072	8591	21439	63	2	19367	19302	6519
213	0	2074	8605	21445	15	2	19371	19354	6531
214	0	2086	8616	21462	48	1	19376	19327	6530
55	0	485	2050	21525	112	5	21040	20923	1565
215	0	2098	8661	21563	43	1	19465	19421	6563
216	0	2109	8677	21574	109	1	19465	19355	6568
57	0	506	2099	21674	132	4	21168	21032	1593
219	0	2146	8877	21689	49	2	19543	19492	6731
221	0	2169	8938	21787	57	3	19618	19558	6769
226	0	2212	9072	22005	40	3	19793	19750	6860
228	0	2231	9113	22032	53	1	19801	19747	6882
60	0	538	2211	22039	40	3	21501	21458	1673
229	0	2244	9153	22183	144	1	19939	19794	6909
14	0	93	533	22194	80	4	22101	22017	440
232	0	2272	9286	22267	108	1	19995	19886	7014
64	0	586	2294	22323	36	2	21737	21699	1708
236	0	2336	9592	22341	26	1	20005	19978	7256
237	0	2347	9602	22394	63	2	20047	19982	7255
242	0	2418	9826	22455	47	2	20037	19988	7408
244	0	2475	9954	22551	58	2	20076	20016	7479
246	0	2486	9968	22591	41	1	20105	20063	7482
247	0	2502	10016	22738	129	1	20236	20106	7514
248	0	2505	10067	22748	25	1	20243	20217	7562
249	0	2532	10084	22779	67	1	20247	20179	7552
250	0	2545	10122	22782	7	2	20237	20228	7577
256	0	2605	10388	23221	94	1	20616	20521	7783
71	0	655	2582	23224	43	2	22569	22524	1927
17	0	145	591	23279	144	3	23134	22987	446
263	0	2711	10497	23447	74	1	20736	20661	7786
265	0	2737	10575	23552	52	1	20815	20762	7838
267	0	2747	10646	23604	44	1	20857	20812	7899
272	0	2771	10822	23833	92	1	21062	20969	8051
274	0	2786	10968	23872	105	4	21086	20977	8182
278	0	2843	11121	23974	72	2	21131	21057	8278
18	0	157	666	23978	67	4	23821	23750	509
280	0	2865	11213	24021	41	5	21156	21110	8348
281	0	2873	11216	24053	59	3	21180	21118	8343
284	0	2900	11266	24071	101	3	21171	21067	8366
287	0	2909	11403	24145	74	1	21236	21161	8494
292	0	2966	11567	24384	25	1	21418	21392	8601
76	0	711	2920	24541	116	2	23830	23712	2209
299	0	3031	11826	24632	51	1	21601	21549	8795
301	0	3084	11907	24669	155	1	21585	21429	8823
5	0	25	44	24691	372	6	24666	24288	19
303	0	3126	12105	24714	41	1	21588	21546	8979
78	0	748	3123	24772	84	6	24024	23934	2375
310	0	3214	12420	24838	35	2	21624	21587	9206
314	0	3236	12463	24951	38	2	21715	21675	9227
80	0	759	3196	25142	156	4	24383	24223	2437
332	0	3353	12906	25487	33	1	22134	22100	9553
333	0	3357	12943	25560	116	1	22203	22086	9586
84	0	768	3365	25625	75	2	24857	24780	2597
340	0	3412	13307	25726	7	1	22314	22306	9895
348	0	3487	13558	25777	28	1	22290	22261	10071
349	0	3515	13562	25799	45	1	22284	22238	10047
20	0	217	740	25821	139	5	25604	25460	523
356	0	3568	13911	26050	13	4	22482	22465	10343
359	0	3577	13977	26092	33	2	22515	22480	10400
360	0	3579	13985	26118	48	1	22539	22490	10406
362	0	3623	14111	26138	7	1	22515	22507	10488
22	0	223	797	26146	56	5	25923	25862	574
89	0	819	3674	26465	105	2	25646	25539	2855
375	0	3882	14583	26815	189	2	22933	22742	10701
383	0	3909	14858	26956	39	1	23047	23007	10949
94	0	874	3868	26985	167	4	26111	25940	2994
385	0	3941	14971	27036	80	2	23095	23013	11030
387	0	3954	15032	27052	39	1	23098	23058	11078
388	0	3968	15057	27082	91	3	23114	23020	11089
389	0	3977	15120	27161	173	4	23184	23007	11143
390	0	3982	15216	27165	10	2	23183	23171	11234
391	0	4018	15224	27250	100	1	23232	23131	11206
400	0	4087	15565	27650	37	1	23563	23525	11478
28	0	242	885	27685	186	4	27443	27253	643
404	0	4165	15742	27768	16	2	23603	23585	11577
406	0	4198	15776	27823	153	1	23625	23471	11578
408	0	4200	15960	27862	27	2	23662	23633	11760
410	0	4206	15980	27868	6	1	23662	23655	11774
417	0	4268	16070	28059	115	1	23791	23675	11802
422	0	4305	16195	28143	12	1	23838	23825	11890
100	0	923	4318	28250	32	2	27327	27293	3395
424	0	4328	16246	28293	99	1	23965	23865	11918
425	0	4329	16304	28312	64	2	23983	23917	11975
427	0	4356	16453	28414	91	1	24058	23966	12097
30	0	246	912	28826	242	5	28580	28333	666
433	0	4407	16831	28874	50	2	24467	24415	12424
105	0	975	4394	28886	37	2	27911	27872	3419
435	0	4447	16891	28896	67	2	24449	24380	12444
108	0	1012	4441	28959	137	4	27947	27806	3429
437	0	4458	17047	29018	39	1	24560	24520	12589
438	0	4463	17050	29052	50	3	24589	24536	12587
444	0	4530	17203	29198	76	1	24668	24591	12673
449	0	4570	17346	29342	127	3	24772	24642	12776
450	0	4573	17438	29353	42	1	24780	24737	12865
452	0	4597	17475	29469	144	1	24872	24727	12878
453	0	4615	17544	29481	15	2	24866	24849	12929
454	0	4618	17549	29532	68	1	24914	24845	12931
457	0	4661	17668	29633	75	1	24972	24896	13007
461	0	4683	17730	29798	94	1	25115	25020	13047
117	0	1109	4679	29808	16	2	28699	28681	3570
2	0	4	21	29990	309	7	29986	29670	17
468	0	4757	17997	30164	29	2	25407	25376	13240
473	0	4824	18257	30217	94	1	25393	25298	13433
474	0	4842	18317	30247	81	1	25405	25323	13475
125	0	1215	4914	30459	84	3	29244	29157	3699
481	0	4990	18625	30520	31	1	25530	25498	13635
487	0	5043	18901	30610	85	1	25567	25481	13858
490	0	5075	19038	30717	13	1	25642	25628	13963
491	0	5078	19045	30762	55	1	25684	25628	13967
496	0	5130	19154	30916	51	1	25786	25734	14024
35	0	326	1262	31053	230	5	30727	30492	936
132	0	1306	5277	31114	82	7	29808	29719	3971
135	0	1335	5395	31172	78	5	29837	29754	4060
145	0	1428	5875	31390	123	3	29962	29836	4447
42	0	371	1420	31417	86	4	31046	30956	1049
7	0	56	397	31547	96	6	31491	31389	341
158	0	1636	6531	31597	153	2	29961	29806	4895
162	0	1689	6774	31697	140	10	30008	29858	5085
164	0	1719	6865	31893	181	2	30174	29991	5146
165	0	1720	6874	31913	44	7	30193	30142	5154
184	0	1896	7694	32254	92	6	30358	30260	5798
193	0	1963	8027	32375	53	2	30412	30357	6064
53	0	469	1888	32424	154	6	31955	31795	1419
197	0	1981	8142	32486	92	6	30505	30407	6161
209	0	2046	8519	32767	41	3	30721	30677	6473
210	0	2052	8530	32839	110	3	30787	30674	6478
223	0	2178	8987	33076	248	3	30898	30647	6809
234	0	2285	9427	33332	124	4	31047	30919	7142
238	0	2351	9614	33410	110	3	31059	30946	7263
69	0	641	2535	33605	224	5	32964	32735	1894
252	0	2571	10291	33632	34	2	31061	31025	7720
253	0	2584	10299	33654	58	2	31070	31010	7715
255	0	2601	10360	33736	52	2	31135	31081	7759
257	0	2630	10411	33743	43	5	31113	31065	7781
268	0	2748	10650	34007	89	4	31259	31166	7902
269	0	2751	10689	34019	71	3	31268	31194	7938
270	0	2752	10693	34046	113	3	31294	31178	7941
72	0	673	2628	34105	206	4	33432	33222	1955
73	0	676	2771	34114	38	4	33438	33396	2095
275	0	2792	11073	34136	33	2	31344	31309	8281
276	0	2805	11085	34156	53	3	31351	31295	8280
279	0	2849	11156	34174	61	5	31325	31259	8307
286	0	2906	11384	34204	125	8	31298	31165	8478
304	0	3149	12125	34584	104	5	31435	31326	8976
308	0	3206	12380	34685	48	5	31479	31426	9174
315	0	3240	12477	34754	52	2	31514	31460	9237
318	0	3259	12537	34910	187	3	31651	31461	9278
321	0	3280	12648	34945	29	3	31665	31633	9368
322	0	3281	12657	34948	12	2	31667	31653	9376
327	0	3325	12824	35057	41	3	31732	31688	9499
334	0	3364	13037	35094	64	4	31730	31662	9673
335	0	3365	13059	35096	80	7	31731	31644	9694
336	0	3378	13167	35119	77	4	31741	31660	9789
339	0	3410	13269	35198	96	3	31788	31689	9859
341	0	3423	13312	35201	14	4	31778	31760	9889
350	0	3528	13613	35243	134	5	31715	31576	10085
351	0	3529	13630	35253	188	2	31724	31534	10101
354	0	3550	13850	35297	68	2	31747	31677	10300
355	0	3552	13880	35379	125	2	31827	31700	10328
365	0	3711	14253	35580	87	4	31869	31778	10542
91	0	823	3722	35597	44	4	34774	34726	2899
370	0	3782	14457	35746	60	3	31964	31901	10675
372	0	3797	14486	35765	127	3	31968	31838	10689
374	0	3849	14571	35801	67	2	31952	31883	10722
376	0	3884	14691	35815	52	2	31931	31877	10807
393	0	4029	15254	36067	52	2	32038	31984	11225
396	0	4059	15295	36072	99	4	32013	31910	11236
403	0	4161	15722	36378	36	2	32217	32179	11561
409	0	4201	15967	36464	67	5	32263	32191	11766
101	0	938	4320	36673	112	6	35735	35617	3382
428	0	4358	16495	36818	115	3	32460	32342	12137
436	0	4451	17021	36990	96	3	32539	32440	12570
110	0	1023	4467	37020	71	5	35997	35921	3444
446	0	4534	17300	37080	52	3	32546	32491	12766
448	0	4552	17344	37107	96	5	32555	32454	12792
113	0	1076	4613	37129	32	4	36053	36017	3537
455	0	4635	17579	37177	68	3	32542	32471	12944
464	0	4718	17858	37422	125	2	32704	32577	13140
465	0	4727	17935	37464	168	5	32737	32564	13208
466	0	4734	17962	37571	145	2	32837	32690	13228
470	0	4792	18045	37608	69	2	32816	32745	13253
126	0	1229	4947	37878	63	10	36649	36576	3718
479	0	4956	18606	37914	56	2	32958	32900	13650
480	0	4978	18617	37916	27	2	32938	32909	13639
128	0	1278	5005	38015	124	6	36737	36607	3727
493	0	5090	19074	38094	104	2	33004	32898	13984
136	0	1348	5452	38439	75	5	37091	37011	4104
39	0	347	1348	38475	165	5	38128	37958	1001
141	0	1384	5690	38482	131	4	37098	36963	4306
149	0	1502	6016	38559	173	7	37057	36877	4514
152	0	1511	6138	38605	102	7	37094	36985	4627
44	0	404	1500	38634	151	6	38230	38073	1096
153	0	1538	6214	38676	98	4	37138	37036	4676
176	0	1807	7273	38863	150	6	37056	36900	5466
186	0	1901	7749	39065	127	7	37164	37030	5848
54	0	473	1973	39188	96	7	38715	38612	1500
198	0	1982	8157	39235	66	6	37253	37181	6175
199	0	1992	8170	39243	127	9	37251	37115	6178
200	0	2001	8229	39245	34	4	37244	37206	6228
207	0	2043	8489	39307	128	4	37264	37132	6446
224	0	2188	8990	39600	76	3	37412	37333	6802
61	0	563	2253	39632	119	7	39069	38943	1690
241	0	2381	9788	39814	61	3	37433	37369	7407
243	0	2440	9873	39849	179	4	37409	37226	7433
251	0	2556	10276	39913	300	7	37357	37050	7720
0	0	0	-1	40005	40005	0	40005	0	-1
