id	priority	createdTime	startedTime	terminatedTime	cpuTime	blockedTime	turnaroundTime	waitingTime	responseTime
3	0	7	56	79	16	0	72	56	49
15	0	103	127	406	17	1	303	285	24
45	0	393	407	437	21	0	44	23	14
21	0	168	627	633	6	0	465	459	459
39	0	292	587	704	19	1	412	392	295
78	0	713	969	972	3	0	259	256	256
113	0	1018	1028	1076	21	0	58	37	10
71	0	635	714	1111	25	0	476	451	79
123	0	1096	1106	1113	2	0	17	15	10
41	0	321	1179	1183	4	0	862	858	858
144	0	1305	1350	1357	7	0	52	45	45
149	0	1335	1489	1512	11	1	177	165	154
154	0	1393	1633	1678	24	0	285	261	240
140	0	1285	1304	1690	15	0	405	390	19
157	0	1408	1805	1841	17	0	433	416	397
143	0	1303	1344	1848	68	2	545	475	41
192	0	1828	1857	1891	9	0	63	54	29
207	0	1968	1977	2019	11	0	51	40	9
162	0	1488	1495	2373	38	3	885	844	7
163	0	1514	1526	2508	31	1	994	962	12
85	0	756	2639	2698	5	2	1942	1935	1883
284	0	2783	2849	3312	23	0	529	506	66
316	0	3155	3169	3639	15	0	484	469	14
318	0	3173	3640	3662	8	0	489	481	467
360	0	3695	3712	3774	16	0	79	63	17
155	0	1397	1645	3928	39	3	2531	2489	248
291	0	2835	2960	4071	12	1	1236	1223	125
325	0	3264	4158	4274	50	0	1010	960	894
328	0	3295	4431	4624	64	0	1329	1265	1136
337	0	3395	5016	5019	3	0	1624	1621	1621
487	0	5170	5181	5198	6	0	28	22	11
43	0	368	5715	5724	9	0	5356	5347	5347
353	0	3586	5803	5834	14	1	2248	2233	2217
499	0	5307	5810	5850	12	2	543	529	503
497	0	5282	5899	5911	12	0	629	617	617
183	0	1777	6022	6048	12	0	4271	4259	4245
186	0	1786	6199	6206	7	0	4420	4413	4413
302	0	2959	3187	6239	15	3	3280	3262	228
378	0	3915	6465	6468	3	0	2553	2550	2550
380	0	3929	6586	6610	10	0	2681	2671	2657
191	0	1818	1859	6822	18	2	5004	4984	41
203	0	1921	7088	7098	10	0	5177	5167	5167
404	0	4219	7279	7281	2	0	3062	3060	3060
102	0	930	7413	7459	13	1	6529	6515	6483
411	0	4315	7506	7509	3	0	3194	3191	3191
97	0	893	906	7607	14	1	6714	6699	13
420	0	4433	7818	7819	1	0	3386	3385	3385
437	0	4614	8436	8508	11	7	3894	3876	3822
441	0	4632	8502	8578	6	1	3946	3939	3870
229	0	2166	8824	8826	2	0	6660	6658	6658
228	0	2158	8746	8849	18	1	6691	6672	6588
459	0	4843	9131	9148	3	0	4305	4302	4288
464	0	4900	9301	9355	15	1	4455	4439	4401
471	0	4980	5021	9420	14	1	4440	4425	41
474	0	5035	5043	9439	21	5	4404	4378	8
468	0	4928	4941	9523	25	3	4595	4567	13
170	0	1645	2708	9575	63	8	7930	7859	1063
473	0	5022	9589	9591	2	0	4569	4567	4567
121	0	1077	9759	9764	5	0	8687	8682	8682
243	0	2352	9745	9779	12	1	7427	7414	7393
81	0	725	1140	10061	23	2	9336	9311	415
258	0	2491	10080	10116	12	1	7625	7612	7589
65	0	610	10153	10163	10	0	9553	9543	9543
267	0	2604	10333	10454	21	2	7850	7827	7729
340	1	3453	5308	10683	28	1	7230	7201	1855
276	1	2700	10571	10707	36	4	8007	7967	7871
278	1	2707	2732	10940	24	1	8233	8208	25
40	1	306	317	11032	21	0	10726	10705	11
127	1	1156	1191	11237	75	2	10081	10004	35
92	1	837	852	11397	20	0	10560	10540	15
82	1	746	751	11582	26	1	10836	10809	5
19	1	143	148	11771	49	1	11628	11578	5
238	1	2264	2304	11815	23	0	9551	9528	40
312	1	3124	3422	11923	28	1	8799	8770	298
443	1	4642	4650	11962	46	4	7320	7270	8
336	1	3378	3390	11979	28	1	8601	8572	12
145	1	1314	1406	12064	23	0	10750	10727	92
349	1	3558	3572	12092	18	0	8534	8516	14
319	1	3193	3734	12157	91	3	8964	8870	541
365	1	3768	3775	12159	13	0	8391	8378	7
369	1	3800	3807	12229	37	1	8429	8391	7
330	1	3307	4521	12385	20	2	9078	9056	1214
481	1	5118	8611	12423	14	0	7305	7291	3493
442	1	4634	8566	12450	27	2	7816	7787	3932
492	1	5218	5235	12589	27	1	7371	7343	17
444	1	4643	4650	12599	33	1	7956	7922	7
434	1	4565	4580	12690	31	1	8125	8093	15
109	1	987	8410	12729	16	0	11742	11726	7423
472	1	4998	5020	12812	27	0	7814	7787	22
221	1	2090	8263	12883	36	3	10793	10754	6173
314	1	3138	3441	12979	37	0	9841	9804	303
431	1	4554	8210	12989	24	3	8435	8408	3656
172	1	1650	4275	13000	48	4	11350	11298	2625
220	1	2089	8197	13021	19	0	10932	10913	6108
288	1	2826	2919	13175	56	5	10349	10288	93
177	1	1746	5600	13319	19	1	11573	11553	3854
354	1	3610	5808	13376	19	0	9766	9747	2198
352	1	3579	5777	13378	13	0	9799	9786	2198
180	1	1766	5790	13510	28	1	11744	11715	4024
357	1	3674	5890	13517	26	3	9843	9814	2216
217	1	2064	7995	13583	28	3	11519	11488	5931
359	1	3690	5951	13614	34	1	9924	9889	2261
495	1	5265	6245	13855	24	0	8590	8566	980
187	1	1804	6286	14210	24	2	12406	12380	4482
323	1	3241	4001	14279	26	1	11038	11011	760
322	1	3230	3998	14334	16	1	11104	11087	768
376	1	3890	3900	14371	41	4	10481	10436	10
77	1	692	894	14819	25	3	14127	14099	202
488	1	5183	7111	14879	19	0	9696	9677	1928
208	1	1976	7319	14890	39	3	12914	12872	5343
401	1	4196	7199	14965	20	3	10769	10746	3003
438	1	4616	4627	15211	27	1	10595	10567	11
52	1	481	7588	15255	16	0	14774	14758	7107
219	1	2080	8149	15555	21	1	13475	13453	6069
479	1	5080	5086	15833	32	2	10753	10719	6
454	1	4778	4784	15930	32	3	11152	11117	6
117	1	1055	9503	16171	30	1	15116	15085	8448
129	1	1190	9954	16842	27	3	15652	15622	8764
131	1	1199	10190	16940	20	0	15741	15721	8991
469	1	4956	9477	17007	13	0	12051	12038	4521
135	1	1239	10377	17059	24	0	15820	15796	9138
153	1	1385	1593	17117	35	1	15732	15696	208
158	2	1414	1969	17254	31	1	15840	15808	555
10	2	64	133	17508	52	3	17444	17389	69
25	2	189	6998	17518	26	0	17329	17303	6809
12	2	66	83	17537	36	1	17471	17434	17
281	2	2753	2780	17673	36	0	14920	14884	27
73	2	645	747	17978	49	1	17333	17283	102
285	2	2811	2850	18009	39	1	15198	15158	39
176	2	1701	1723	18134	25	0	16433	16408	22
452	2	4759	8889	18475	29	1	13716	13686	4130
150	2	1337	1551	18595	37	1	17258	17220	214
446	2	4666	8637	18885	30	1	14219	14188	3971
195	2	1861	6680	18978	39	1	17117	17077	4819
384	2	4025	6705	18987	27	0	14962	14935	2680
305	2	2989	3003	19022	56	2	16033	15975	14
417	2	4398	7766	19149	39	7	14751	14705	3368
254	2	2447	2459	19217	61	2	16770	16707	12
87	2	796	5562	19316	47	1	18520	18472	4766
24	2	181	6497	19390	37	2	19209	19170	6316
343	2	3512	5490	19598	33	0	16086	16053	1978
430	2	4550	8184	19602	35	1	15052	15016	3634
498	2	5288	5864	19614	43	2	14326	14281	576
189	2	1808	6385	19980	42	0	18172	18130	4577
91	2	832	6132	19998	45	3	19166	19118	5300
362	2	3733	6075	20226	39	3	16493	16451	2342
215	2	2043	7848	20303	62	10	18260	18188	5805
99	2	906	7160	20340	33	1	19434	19400	6254
49	2	462	6769	20725	67	3	20263	20193	6307
248	2	2388	9844	20877	44	5	18489	18440	7456
424	2	4480	7943	21254	36	0	16774	16738	3463
110	2	1003	8540	21317	39	1	20314	20274	7537
18	2	132	148	21370	66	1	21238	21171	16
55	2	519	8397	21523	36	3	21004	20965	7878
308	2	3073	3313	21703	32	1	18630	18597	240
165	2	1562	2291	22060	50	2	20498	20446	729
244	2	2363	9757	22127	39	1	19764	19724	7394
256	2	2478	10062	22357	34	0	19879	19845	7584
62	2	594	599	22453	39	1	21859	21819	5
133	2	1230	10281	22522	33	0	21292	21259	9051
210	2	1993	7608	22570	32	0	20577	20545	5615
32	2	245	10132	22621	36	1	22376	22339	9887
260	2	2501	2519	22697	31	2	20196	20163	18
310	2	3084	3368	22802	44	2	19718	19672	284
134	2	1231	10320	22810	33	2	21579	21544	9089
478	3	5076	9236	22881	51	1	17805	17753	4160
414	3	4357	7647	23020	55	1	18663	18607	3290
69	3	626	646	23358	59	1	22732	22672	20
83	3	750	1262	23391	54	2	22641	22585	512
36	3	257	463	23505	72	0	23248	23176	206
106	3	968	973	23592	57	0	22624	22567	5
38	3	287	293	23731	53	4	23444	23387	6
58	3	541	8915	23856	65	2	23315	23248	8374
167	3	1598	1612	23864	48	2	22266	22216	14
346	3	3545	5556	23937	54	4	20392	20334	2011
383	3	4018	4023	24093	61	1	20075	20013	5
283	3	2779	2827	24139	55	1	21360	21304	48
491	3	5211	6615	24159	43	2	18948	18903	1404
292	3	2849	2983	24194	45	1	21345	21299	134
307	3	3039	3296	24511	63	1	21472	21408	257
293	3	2871	3001	24653	52	4	21782	21726	130
214	3	2022	7792	24921	44	2	22899	22853	5770
266	3	2600	10307	24984	40	0	22384	22344	7707
241	3	2339	9608	24995	57	2	22656	22597	7269
89	3	815	5851	25061	46	1	24246	24199	5036
433	3	4559	8275	25074	52	3	20515	20460	3716
462	3	4882	4896	25086	65	2	20204	20137	14
181	3	1771	5877	25095	56	1	23324	23267	4106
178	3	1749	5660	25251	59	3	23502	23440	3911
350	3	3571	5672	25321	74	7	21750	21669	2101
366	3	3774	6173	25465	50	4	21691	21637	2399
93	3	851	6273	25608	53	2	24757	24702	5422
193	3	1836	1849	25693	53	5	23857	23799	13
200	3	1903	6920	25799	42	0	23896	23854	5017
262	3	2536	10216	25936	50	0	23400	23350	7680
98	3	905	6907	26304	56	2	25399	25341	6002
84	3	752	1275	26348	95	5	25596	25496	523
445	3	4654	8609	26441	39	0	21787	21748	3955
413	3	4356	7634	26557	44	1	22201	22156	3278
56	3	523	8676	26637	57	4	26114	26053	8153
432	3	4556	8220	26714	66	3	22158	22089	3664
457	3	4840	9061	26836	45	2	21996	21949	4221
33	3	247	10345	27021	58	2	26774	26714	10098
66	3	613	10358	27031	67	4	26418	26347	9745
476	3	5043	9451	27158	66	5	22115	22044	4408
30	3	239	9706	27223	52	5	26984	26927	9467
179	3	1753	5751	27261	47	3	25508	25458	3998
475	3	5042	9592	27362	64	5	22320	22251	4550
204	3	1925	7173	27448	63	1	25523	25459	5248
296	3	2894	2906	27600	103	3	24706	24600	12
132	3	1223	10229	27834	37	0	26611	26574	9006
67	4	617	10494	27863	52	0	27246	27194	9877
147	4	1319	1436	27895	73	2	26576	26501	117
287	4	2821	2890	27899	56	0	25078	25022	69
141	4	1292	1314	27948	74	1	26656	26581	22
68	4	620	635	28015	145	9	27395	27241	15
20	4	147	237	28085	61	0	27938	27877	90
136	4	1240	10455	28212	66	1	26972	26905	9215
390	4	4099	4103	28431	60	2	24332	24270	4
460	4	4868	9175	28455	82	4	23587	23501	4307
161	4	1453	2159	28477	77	2	27024	26945	706
282	4	2762	2810	28795	80	3	26033	25950	48
151	4	1343	1563	28804	85	3	27461	27373	220
28	4	210	8663	28998	56	1	28788	28731	8453
480	4	5089	5114	29002	89	5	23913	23819	25
500	4	5312	5330	29341	66	1	24029	23962	18
218	4	2065	2080	29524	66	2	27459	27391	15
107	4	972	8119	29721	60	2	28749	28687	7147
391	4	4102	6881	29924	66	6	25822	25750	2779
46	4	406	6240	30222	59	3	29816	29754	5834
286	4	2817	2885	30224	77	2	27407	27328	68
213	4	2019	7753	30246	61	1	28227	28165	5734
375	4	3887	6426	30276	58	1	26389	26330	2539
450	4	4727	8827	30313	60	0	25586	25526	4100
54	4	506	7820	30363	61	0	29857	29796	7314
364	4	3739	3744	30432	126	11	26693	26556	5
105	4	945	7846	30841	94	6	29896	29796	6901
269	4	2638	2647	31214	71	5	28576	28500	9
274	4	2689	10519	31352	64	2	28663	28597	7830
382	4	4005	4014	31374	65	0	27369	27304	9
114	4	1027	8926	31405	60	2	30378	30316	7899
206	4	1945	7277	31437	54	2	29492	29436	5332
237	4	2258	9344	31564	57	2	29306	29247	7086
246	4	2385	9765	31608	66	4	29223	29153	7380
198	4	1888	1898	31650	60	0	29762	29702	10
347	4	3550	5634	31693	62	1	28143	28080	2084
60	4	586	9719	32013	80	3	31427	31344	9133
255	4	2458	9967	32044	70	3	29586	29513	7509
367	5	3790	6186	32426	72	0	28636	28564	2396
174	5	1655	1698	32671	95	6	31016	30915	43
223	5	2106	2112	32723	91	5	30617	30521	6
184	5	1778	6088	32917	81	1	31139	31057	4310
70	5	634	679	33002	122	9	32368	32237	45
76	5	688	813	33107	80	2	32419	32337	125
425	5	4482	7997	33229	81	3	28747	28663	3515
44	5	371	386	33292	102	4	32921	32815	15
230	5	2170	8876	33390	75	3	31220	31142	6706
309	5	3079	3329	33420	79	1	30341	30261	250
4	5	16	7536	33442	80	1	33426	33345	7520
326	5	3274	4333	33499	78	2	30225	30145	1059
392	5	4115	4123	33730	71	0	29615	29544	8
16	5	126	8650	33834	74	1	33708	33633	8524
387	5	4077	6759	34415	93	5	30338	30240	2682
209	5	1990	7420	34445	78	1	32455	32376	5430
344	5	3528	3542	34572	125	3	31044	30916	14
405	5	4227	7308	35453	98	9	31226	31119	3081
268	5	2615	10342	35478	81	4	32863	32778	7727
428	5	4521	8084	35682	94	6	31161	31061	3563
496	5	5273	5988	35714	81	2	30441	30358	715
482	5	5121	8514	35799	98	3	30678	30577	3393
400	5	4193	7186	35927	86	5	31734	31643	2993
315	5	3144	3462	36119	101	8	32975	32866	318
439	5	4626	8446	36145	115	6	31519	31398	3820
461	5	4880	9188	36194	69	1	31314	31244	4308
61	5	588	9792	36196	69	3	35608	35536	9204
455	6	4788	8986	36423	89	1	31635	31545	4198
465	6	4901	9308	36590	108	4	31689	31577	4407
53	6	503	507	36764	97	4	36261	36160	4
263	6	2553	2576	36803	134	7	34250	34109	23
34	6	248	279	36945	128	1	36697	36568	31
79	6	718	1004	37094	114	8	36376	36254	286
279	6	2709	2754	37097	100	3	34388	34285	45
201	6	1916	6959	37153	99	4	35237	35134	5043
398	6	4185	7099	37319	89	1	33134	33044	2914
294	6	2887	3053	37331	107	4	34444	34333	166
408	6	4248	4287	37506	143	3	33258	33112	39
168	6	1632	2574	37872	105	8	36240	36127	942
306	6	3028	3283	37905	90	0	34877	34787	255
355	6	3621	3647	37940	86	2	34319	34231	26
371	6	3836	6317	38049	90	1	34213	34122	2481
419	6	4430	7805	38263	96	3	33833	33734	3375
27	6	200	8097	38319	101	14	38119	38004	7897
101	6	925	931	38505	107	4	37580	37469	6
88	6	812	5725	38745	79	1	37933	37853	4913
64	6	600	10045	38907	97	1	38307	38209	9445
265	6	2597	10294	38924	89	1	36327	36237	7697
467	6	4909	4941	38969	96	5	34060	33959	32
216	6	2044	7896	39046	84	0	37002	36918	5852
90	6	818	6005	39064	87	5	38246	38154	5187
212	6	2001	2020	39289	108	4	37288	37176	19
8	6	55	9640	39326	110	3	39271	39158	9585
484	6	5139	7662	39342	90	3	34203	34110	2523
257	6	2488	10075	39347	87	6	36859	36766	7587
374	6	3867	6413	39435	86	4	35568	35478	2546
63	6	598	9922	39497	92	1	38899	38806	9324
301	6	2931	2960	39546	107	1	36615	36507	29
95	7	867	6667	39879	97	1	39012	38914	5800
416	7	4381	7702	39885	100	5	35504	35399	3321
0	0	0	-1	40004	40004	0	40004	0	-1
