id	priority	createdTime	startedTime	terminatedTime	cpuTime	blockedTime	turnaroundTime	waitingTime	responseTime
1	0	0	1	31	19	0	31	12	1
11	0	86	191	396	6	3	310	301	105
24	0	227	448	458	10	0	231	221	221
15	0	100	249	574	24	0	474	450	149
8	0	65	123	598	28	0	533	505	58
32	0	310	612	615	3	0	305	302	302
13	0	92	210	931	36	2	839	801	118
51	0	456	1002	1008	6	0	552	546	546
66	0	598	1289	1303	14	0	705	691	691
34	0	324	642	1406	26	0	1082	1056	318
75	0	706	1509	1514	5	0	808	803	803
83	0	767	1642	1648	6	0	881	875	875
4	0	16	32	1830	53	4	1814	1757	16
96	0	892	1912	1916	4	0	1024	1020	1020
106	0	985	2092	2101	9	0	1116	1107	1107
26	0	232	472	2247	32	2	2015	1981	240
116	0	1092	2296	2302	6	0	1210	1204	1204
29	0	243	516	2422	27	2	2179	2150	273
150	0	1504	3015	3021	6	0	1517	1511	1511
38	0	346	713	3104	25	1	2758	2732	367
40	0	348	732	3153	22	1	2805	2782	384
156	0	1591	3180	3186	6	0	1595	1589	1589
161	0	1685	3355	3364	9	0	1679	1670	1670
3	0	6	22	3443	62	4	3437	3371	16
173	0	1797	3588	3601	13	0	1804	1791	1791
93	0	860	1831	3694	17	0	2834	2817	971
180	0	1865	3721	3727	6	0	1862	1856	1856
194	0	1964	3985	3989	4	0	2025	2021	2021
196	0	1977	4016	4028	12	0	2051	2039	2039
104	0	958	2030	4211	12	1	3253	3240	1072
107	0	1009	2128	4405	14	0	3396	3382	1119
109	0	1013	2147	4434	14	0	3421	3407	1134
222	0	2174	4474	4477	3	0	2303	2300	2300
225	0	2203	4509	4521	12	0	2318	2306	2306
230	0	2264	4619	4625	6	0	2361	2355	2355
114	0	1078	2265	4682	16	2	3604	3586	1187
124	0	1180	2458	4972	14	0	3792	3778	1278
31	0	257	555	5101	37	4	4844	4803	298
62	0	567	1219	5129	31	1	4562	4530	652
130	0	1298	2641	5307	3	3	4009	4003	1343
131	0	1300	2644	5317	21	0	4017	3996	1344
258	0	2662	5318	5323	5	0	2661	2656	2656
33	0	318	629	5700	35	1	5382	5346	311
282	0	2874	5774	5783	9	0	2909	2900	2900
146	0	1445	2915	5918	18	0	4473	4455	1470
295	0	2983	6027	6038	11	0	3055	3044	3044
86	0	783	1677	6791	19	1	6008	5988	894
371	0	3794	7572	7580	8	0	3786	3778	3778
373	0	3815	7607	7609	2	0	3794	3792	3792
381	0	3906	7800	7801	1	0	3895	3894	3894
384	0	3934	7854	7858	4	0	3924	3920	3920
102	0	940	1989	8173	29	1	7233	7203	1049
204	0	2018	4153	8249	18	0	6231	6213	2135
411	0	4213	8351	8355	4	0	4142	4138	4138
415	0	4247	8423	8435	12	0	4188	4176	4176
419	0	4271	8498	8499	1	0	4228	4227	4227
213	0	2074	4291	8558	15	2	6484	6467	2217
439	0	4469	8900	8903	3	0	4434	4431	4431
227	0	2214	4548	9099	23	0	6885	6862	2334
463	0	4716	9396	9406	10	0	4690	4680	4680
117	0	1109	2316	9496	14	2	8387	8371	1207
118	0	1115	2324	9546	25	0	8431	8406	1209
119	0	1131	2341	9642	17	1	8511	8493	1210
240	0	2372	4860	9697	21	0	7325	7304	2488
60	0	538	1160	9870	36	3	9332	9293	622
250	0	2545	5109	10153	6	2	7608	7600	2564
64	0	586	1255	10303	35	2	9717	9680	669
68	0	633	1340	10625	39	0	9992	9953	707
138	0	1363	2779	10674	22	2	9311	9287	1416
140	0	1368	2804	10738	35	0	9370	9335	1436
285	0	2902	5845	10873	19	0	7971	7952	2943
74	0	677	1457	10986	38	1	10309	10270	780
154	0	1554	3105	11232	28	1	9678	9649	1551
307	0	3196	6351	11350	22	0	8154	8132	3155
309	0	3207	6386	11378	22	0	8171	8149	3179
41	0	362	758	11680	56	1	11318	11261	396
330	0	3339	6737	11697	18	0	8358	8340	3398
340	0	3412	6921	11866	5	1	8454	8448	3509
342	0	3462	6970	11918	14	0	8456	8442	3508
343	0	3465	6983	11923	16	0	8458	8442	3518
88	0	817	1735	11967	40	0	11150	11110	918
356	0	3568	7251	12159	12	4	8591	8575	3683
362	0	3623	7336	12257	7	1	8634	8626	3713
12	0	90	197	12382	69	1	12292	12222	107
182	0	1876	3754	12430	22	1	10554	10531	1878
380	0	3904	7785	12674	17	0	8770	8753	3881
390	0	3982	7976	12842	9	2	8860	8849	3994
404	0	4165	8238	13141	15	2	8976	8959	4073
410	0	4206	8337	13238	6	1	9032	9025	4131
22	0	223	436	13337	58	5	13114	13051	213
420	0	4283	8514	13411	22	0	9128	9106	4231
422	0	4305	8559	13445	10	1	9140	9129	4254
105	0	975	2066	13462	35	2	12487	12450	1091
445	0	4531	9032	13914	22	0	9383	9361	4501
453	0	4615	9186	14076	14	2	9461	9445	4571
236	0	2336	4760	14370	25	1	12034	12008	2424
471	0	4798	9573	14419	24	0	9621	9597	4775
121	0	1152	2384	14574	34	1	13422	13387	1232
248	0	2505	5042	14844	25	1	12339	12313	2537
490	0	5075	10071	14877	11	1	9802	9790	4996
498	0	5144	10193	15024	24	0	9880	9856	5049
71	0	655	1407	15632	38	2	14977	14937	752
73	0	676	1446	15737	36	4	15061	15021	770
292	0	2966	5984	15748	24	1	12782	12757	3018
296	0	2998	6065	15811	30	0	12813	12783	3067
297	0	2999	6078	15819	31	0	12820	12789	3079
151	0	1506	3022	15878	42	0	14372	14330	1516
18	0	157	329	15952	64	4	15795	15727	172
314	0	3236	6466	16173	37	2	12937	12898	3230
317	0	3253	6523	16233	31	0	12980	12949	3270
319	0	3266	6562	16264	28	0	12998	12970	3296
159	0	1639	3265	16290	40	1	14651	14610	1626
321	0	3280	6591	16303	28	3	13023	12992	3311
322	0	3281	6599	16306	12	2	13025	13011	3318
82	0	761	1635	16318	53	1	15557	15503	874
338	0	3407	6882	16536	29	0	13129	13100	3475
341	0	3423	6938	16573	14	4	13150	13132	3515
344	0	3475	7009	16629	30	0	13154	13124	3534
345	0	3477	7022	16632	26	0	13155	13129	3545
348	0	3487	7074	16671	27	1	13184	13156	3587
170	0	1787	3536	16796	34	3	15009	14972	1749
171	0	1793	3549	16818	43	1	15025	14981	1756
174	0	1799	3602	16894	30	2	15095	15063	1803
43	0	393	823	16948	71	1	16555	16483	430
45	0	410	876	17155	52	4	16745	16689	466
188	0	1907	3859	17228	40	1	15321	15280	1952
386	0	3948	7885	17396	29	0	13448	13419	3937
99	0	918	1964	17497	55	0	16579	16524	1046
395	0	4049	8056	17558	30	0	13509	13479	4007
100	0	923	1977	17561	31	2	16638	16605	1054
47	0	444	932	17727	73	1	17283	17209	488
408	0	4200	8318	17801	25	2	13601	13574	4118
23	0	225	442	17912	63	3	17687	17621	217
431	0	4393	8755	18157	28	0	13764	13736	4362
443	0	4511	9006	18407	31	0	13896	13865	4495
226	0	2212	4535	18457	39	3	16245	16203	2323
235	0	2298	4719	18830	45	0	16532	16487	2421
468	0	4757	9497	18870	27	2	14113	14084	4740
14	0	93	223	18916	75	4	18823	18744	130
481	0	4990	9891	19191	29	1	14201	14171	4901
246	0	2486	4989	19209	41	1	16723	16681	2503
483	0	5007	9940	19231	32	0	14224	14192	4933
275	0	2792	5630	19903	32	2	17111	17077	2838
139	0	1366	2791	19925	56	0	18559	18503	1425
303	0	3126	6252	20374	41	1	17248	17206	3126
77	0	729	1554	20377	58	1	19648	19589	825
9	0	70	149	20477	93	5	20407	20309	79
310	0	3214	6412	20481	34	2	17267	17231	3198
329	0	3332	6726	20685	29	4	17353	17320	3394
332	0	3353	6776	20714	31	1	17361	17329	3423
165	0	1720	3417	20837	44	7	19117	19066	1697
168	0	1755	3479	20902	51	1	19147	19095	1724
349	0	3515	7098	20925	45	1	17410	17364	3583
91	0	823	1771	20995	45	4	20172	20123	948
357	0	3571	7256	21041	47	0	17470	17423	3685
359	0	3577	7293	21069	31	2	17492	17459	3716
361	0	3596	7326	21097	16	6	17501	17479	3730
177	0	1816	3654	21156	54	0	19340	19286	1838
92	0	851	1810	21164	63	1	20313	20249	959
178	0	1832	3676	21168	44	3	19336	19289	1844
179	0	1845	3695	21177	51	5	19332	19276	1850
383	0	3909	7815	21477	38	1	17568	17529	3906
21	0	222	415	21495	79	3	21273	21191	193
387	0	3954	7898	21525	39	1	17571	17531	3944
400	0	4087	8131	21765	36	1	17678	17641	4044
200	0	2001	4085	21780	33	4	19779	19742	2084
201	0	2003	4088	21789	56	0	19786	19730	2085
203	0	2015	4127	21837	50	1	19822	19771	2112
206	0	2031	4184	21885	54	1	19854	19799	2153
209	0	2046	4219	21957	39	3	19911	19869	2173
214	0	2086	4311	22087	47	1	20001	19953	2225
215	0	2098	4337	22125	42	1	20027	19984	2239
432	0	4401	8768	22231	46	0	17830	17784	4367
219	0	2146	4406	22273	48	2	20127	20077	2260
437	0	4458	8871	22335	39	1	17877	17837	4413
221	0	2169	4448	22348	55	3	20179	20121	2279
450	0	4573	9113	22531	41	1	17958	17916	4540
112	0	1056	2230	22589	62	0	21533	21471	1174
113	0	1076	2248	22617	33	4	21541	21504	1172
115	0	1080	2275	22777	55	1	21697	21641	1195
120	0	1142	2358	22978	59	2	21836	21775	1216
242	0	2418	4908	23038	47	2	20620	20571	2490
480	0	4978	9871	23100	25	2	18122	18095	4893
252	0	2571	5156	23402	32	2	20831	20797	2585
253	0	2584	5176	23424	55	2	20840	20783	2592
257	0	2630	5270	23481	43	5	20851	20803	2640
7	0	56	110	23485	88	6	23429	23335	54
265	0	2737	5463	23644	51	1	20907	20855	2726
267	0	2747	5502	23672	42	1	20925	20882	2755
276	0	2805	5667	23801	50	3	20996	20943	2862
280	0	2865	5758	23877	40	5	21012	20967	2893
143	0	1398	2862	23900	59	1	22502	22442	1464
299	0	3031	6119	24147	51	1	21116	21064	3088
302	0	3118	6240	24214	48	4	21096	21044	3122
308	0	3206	6373	24317	46	5	21111	21060	3167
327	0	3325	6696	24523	40	3	21198	21155	3371
163	0	1695	3378	24633	66	1	22938	22871	1683
347	0	3485	7061	24758	58	0	21273	21215	3576
360	0	3579	7300	24883	47	1	21304	21256	3721
190	0	1930	3903	25271	69	1	23341	23271	1973
193	0	1963	3968	25331	52	2	23368	23314	2005
46	0	429	905	25348	79	5	24919	24835	476
403	0	4161	8225	25526	32	2	21365	21331	4064
212	0	2072	4277	25713	62	2	23641	23577	2205
433	0	4407	8794	25897	51	2	21490	21437	4387
438	0	4463	8887	25963	48	3	21500	21449	4424
228	0	2231	4587	26164	53	1	23933	23879	2356
237	0	2347	4795	26456	64	2	24109	24043	2448
239	0	2354	4823	26489	67	0	24135	24068	2469
58	0	512	1125	26497	62	8	25985	25915	613
479	0	4956	9841	26626	54	2	21670	21614	4885
244	0	2475	4973	26644	59	2	24169	24108	2498
491	0	5078	10077	26799	56	1	21721	21664	4999
249	0	2532	5081	26838	66	1	24306	24239	2549
126	0	1229	2538	26862	62	10	25633	25561	1309
496	0	5130	10165	26887	49	1	21757	21707	5035
255	0	2601	5224	26985	49	2	24384	24333	2623
263	0	2711	5418	27126	73	1	24415	24341	2707
135	0	1335	2714	27165	76	5	25830	25749	1379
281	0	2873	5761	27347	57	3	24474	24414	2888
148	0	1493	2986	27539	68	2	26046	25976	1493
305	0	3166	6302	27678	64	0	24512	24448	3136
78	0	748	1578	27697	79	6	26949	26864	830
306	0	3180	6338	27704	66	0	24524	24458	3158
315	0	3240	6493	27777	50	2	24537	24485	3253
81	0	760	1622	27795	80	3	27035	26952	862
320	0	3272	6575	27823	46	3	24551	24502	3303
84	0	768	1649	27844	71	2	27076	27003	881
326	0	3319	6670	27869	68	0	24550	24482	3351
42	0	371	797	28023	83	4	27652	27565	426
90	0	820	1761	28068	86	1	27248	27161	941
353	0	3541	7186	28122	71	0	24581	24510	3645
368	0	3751	7500	28303	52	3	24552	24497	3749
376	0	3884	7709	28456	51	2	24572	24519	3825
98	0	914	1938	28559	88	0	27645	27557	1024
393	0	4029	8044	28630	51	2	24601	24548	4015
198	0	1982	4055	28698	66	6	26716	26644	2073
425	0	4329	8615	29003	63	2	24674	24609	4286
435	0	4447	8837	29172	66	2	24725	24657	4390
110	0	1023	2173	29239	72	5	28216	28139	1150
446	0	4534	9045	29295	52	3	24761	24706	4511
111	0	1049	2204	29348	83	1	28299	28215	1155
455	0	4635	9229	29419	66	3	24784	24715	4594
241	0	2381	4873	29734	59	3	27353	27291	2492
123	0	1169	2436	29828	87	1	28659	28571	1267
484	0	5016	9957	29868	66	0	24852	24786	4941
125	0	1215	2512	29961	83	3	28746	28660	1297
132	0	1306	2657	30154	84	7	28848	28757	1351
16	0	143	292	30221	116	4	30078	29958	149
269	0	2751	5518	30309	70	3	27558	27485	2767
136	0	1348	2740	30326	71	5	28978	28902	1392
278	0	2843	5714	30421	71	2	27578	27505	2871
279	0	2849	5732	30437	60	5	27588	27523	2883
283	0	2879	5797	30452	60	6	27573	27507	2918
36	0	330	681	30654	102	3	30324	30219	351
312	0	3229	6447	30815	62	5	27586	27519	3218
334	0	3364	6805	30973	64	4	27609	27541	3441
89	0	819	1748	31090	105	2	30271	30164	929
354	0	3550	7212	31149	66	2	27599	27531	3662
370	0	3782	7546	31329	58	3	27547	27486	3764
95	0	879	1875	31361	101	0	30482	30381	996
374	0	3849	7649	31390	66	2	27541	27473	3800
20	0	217	402	31465	129	5	31248	31114	185
192	0	1957	3955	31554	93	1	29597	29503	1998
392	0	4020	8032	31619	61	6	27599	27532	4012
202	0	2008	4114	31760	94	0	29752	29658	2106
409	0	4201	8324	31828	66	5	27627	27556	4123
224	0	2188	4483	32219	74	3	30031	29954	2295
444	0	4530	9019	32240	76	1	27710	27633	4489
454	0	4618	9203	32331	67	1	27713	27645	4585
55	0	485	1065	32334	106	5	31849	31738	580
456	0	4644	9251	32340	77	0	27696	27619	4607
457	0	4661	9277	32365	75	1	27704	27628	4616
470	0	4792	9547	32555	68	2	27763	27693	4755
6	0	54	84	32761	135	2	32707	32570	30
65	0	587	1263	32966	104	1	32379	32274	676
137	0	1354	2766	33157	82	9	31803	31712	1412
287	0	2909	5884	33269	74	1	30360	30285	2975
335	0	3365	6818	33665	78	7	30300	30215	3453
336	0	3378	6844	33689	76	4	30311	30231	3466
352	0	3533	7163	33829	78	5	30296	30213	3630
172	0	1794	3562	33860	100	0	32066	31966	1768
365	0	3711	7435	33929	85	4	30218	30129	3724
184	0	1896	3819	34019	89	6	32123	32028	1923
385	0	3941	7859	34149	80	2	30208	30126	3918
191	0	1942	3929	34152	70	7	32210	32133	1987
434	0	4409	8798	34654	75	9	30245	30161	4389
54	0	473	1045	34795	95	7	34322	34220	572
472	0	4800	9586	35025	88	0	30225	30137	4786
473	0	4824	9625	35047	94	1	30223	30128	4801
474	0	4842	9656	35053	80	1	30211	30130	4814
487	0	5043	10022	35219	83	1	30176	30092	4979
256	0	2605	5237	35397	92	1	32792	32699	2632
266	0	2738	5476	35515	81	5	32777	32691	2738
17	0	145	303	35522	135	3	35377	35239	158
268	0	2748	5505	35528	87	4	32780	32689	2757
272	0	2771	5565	35559	90	1	32788	32697	2794
144	0	1404	2875	35642	107	1	34238	34130	1471
284	0	2900	5832	35647	99	3	32747	32645	2932
152	0	1511	3044	35840	104	7	34329	34218	1533
76	0	711	1515	35845	106	2	35134	35026	804
153	0	1538	3070	35864	96	4	34326	34226	1532
328	0	3328	6700	36081	76	6	32753	32671	3372
167	0	1742	3453	36208	105	4	34466	34357	1711
388	0	3968	7937	36540	90	3	32572	32479	3969
391	0	4018	8019	36578	100	1	32560	32459	4001
197	0	1981	4029	36582	89	6	34601	34506	2048
101	0	938	1980	36668	113	6	35730	35611	1042
210	0	2052	4225	36811	108	3	34759	34648	2173
424	0	4328	8602	36892	98	1	32564	32465	4274
216	0	2109	4343	36906	108	1	34797	34688	2234
427	0	4356	8679	36909	90	1	32553	32462	4323
436	0	4451	8858	37005	94	3	32554	32457	4407
448	0	4552	9086	37105	93	5	32553	32455	4534
232	0	2272	4649	37175	106	1	34903	34796	2377
461	0	4683	9344	37228	92	1	32545	32452	4661
57	0	506	1099	37337	128	4	36831	36699	593
238	0	2351	4808	37355	108	3	35004	34893	2457
485	0	5018	9970	37476	100	0	32458	32358	4952
61	0	563	1199	37510	116	7	36947	36824	636
495	0	5126	10154	37563	88	10	32437	32339	5028
134	0	1334	2701	37754	121	2	36420	36297	1367
274	0	2786	5604	37810	103	4	35024	34917	2818
145	0	1428	2893	37880	123	3	36452	36326	1465
304	0	3149	6289	38087	104	5	34938	34829	3140
85	0	782	1664	38261	138	1	37479	37340	882
333	0	3357	6792	38274	116	1	34917	34800	3435
339	0	3410	6908	38335	95	3	34925	34827	3498
183	0	1884	3780	38559	124	0	36675	36551	1896
379	0	3902	7772	38660	94	6	34758	34658	3870
396	0	4059	8073	38710	98	4	34651	34549	4014
207	0	2043	4197	38848	128	4	36805	36673	2154
234	0	2285	4683	39314	122	4	37029	36903	2398
59	0	516	1132	39447	101	9	38931	38821	616
493	0	5090	10111	39618	102	2	34528	34424	5021
128	0	1278	2611	39719	115	6	38441	38320	1333
270	0	2752	5521	39826	112	3	37074	36959	2769
286	0	2906	5871	39916	125	8	37010	36877	2965
293	0	2973	5997	39993	124	4	37020	36892	3024
0	0	0	-1	40008	40008	0	40008	0	-1
