
Running Experiment 1

Input parameters written in Experiments/1/input_parameters/input_parameters-seed_12382.prp
Input data written in Experiments/1/input_files/input-seed_12382.in
Simulator data written in Experiments/1/simulator_parameters/RRScheduler_simulator_parameters.prp
Output data written in Experiments/1/scheduler_outputs/RRScheduler/output-seed_12382.out
Simulator data written in Experiments/1/simulator_parameters/SJFScheduler_simulator_parameters.prp
Output data written in Experiments/1/scheduler_outputs/SJFScheduler/output-seed_12382.out
Simulator data written in Experiments/1/simulator_parameters/FcfsScheduler_simulator_parameters.prp
Output data written in Experiments/1/scheduler_outputs/FcfsScheduler/output-seed_12382.out
Simulator data written in Experiments/1/simulator_parameters/FeedbackRRScheduler_simulator_parameters.prp
Output data written in Experiments/1/scheduler_outputs/FeedbackRRScheduler/output-seed_12382.out
Simulator data written in Experiments/1/simulator_parameters/IdealSJFScheduler_simulator_parameters.prp
Output data written in Experiments/1/scheduler_outputs/IdealSJFScheduler/output-seed_12382.out

Input parameters written in Experiments/1/input_parameters/input_parameters-seed_68846.prp
Input data written in Experiments/1/input_files/input-seed_68846.in
Simulator data written in Experiments/1/simulator_parameters/RRScheduler_simulator_parameters.prp
Output data written in Experiments/1/scheduler_outputs/RRScheduler/output-seed_68846.out
Simulator data written in Experiments/1/simulator_parameters/SJFScheduler_simulator_parameters.prp
Output data written in Experiments/1/scheduler_outputs/SJFScheduler/output-seed_68846.out
Simulator data written in Experiments/1/simulator_parameters/FcfsScheduler_simulator_parameters.prp
Output data written in Experiments/1/scheduler_outputs/FcfsScheduler/output-seed_68846.out
Simulator data written in Experiments/1/simulator_parameters/FeedbackRRScheduler_simulator_parameters.prp
Output data written in Experiments/1/scheduler_outputs/FeedbackRRScheduler/output-seed_68846.out
Simulator data written in Experiments/1/simulator_parameters/IdealSJFScheduler_simulator_parameters.prp
Output data written in Experiments/1/scheduler_outputs/IdealSJFScheduler/output-seed_68846.out

Input parameters written in Experiments/1/input_parameters/input_parameters-seed_82050.prp
Input data written in Experiments/1/input_files/input-seed_82050.in
Simulator data written in Experiments/1/simulator_parameters/RRScheduler_simulator_parameters.prp
Output data written in Experiments/1/scheduler_outputs/RRScheduler/output-seed_82050.out
Simulator data written in Experiments/1/simulator_parameters/SJFScheduler_simulator_parameters.prp
Output data written in Experiments/1/scheduler_outputs/SJFScheduler/output-seed_82050.out
Simulator data written in Experiments/1/simulator_parameters/FcfsScheduler_simulator_parameters.prp
Output data written in Experiments/1/scheduler_outputs/FcfsScheduler/output-seed_82050.out
Simulator data written in Experiments/1/simulator_parameters/FeedbackRRScheduler_simulator_parameters.prp
Output data written in Experiments/1/scheduler_outputs/FeedbackRRScheduler/output-seed_82050.out
Simulator data written in Experiments/1/simulator_parameters/IdealSJFScheduler_simulator_parameters.prp
Output data written in Experiments/1/scheduler_outputs/IdealSJFScheduler/output-seed_82050.out

Input parameters written in Experiments/1/input_parameters/input_parameters-seed_5112.prp
Input data written in Experiments/1/input_files/input-seed_5112.in
Simulator data written in Experiments/1/simulator_parameters/RRScheduler_simulator_parameters.prp
Output data written in Experiments/1/scheduler_outputs/RRScheduler/output-seed_5112.out
Simulator data written in Experiments/1/simulator_parameters/SJFScheduler_simulator_parameters.prp
Output data written in Experiments/1/scheduler_outputs/SJFScheduler/output-seed_5112.out
Simulator data written in Experiments/1/simulator_parameters/FcfsScheduler_simulator_parameters.prp
Output data written in Experiments/1/scheduler_outputs/FcfsScheduler/output-seed_5112.out
Simulator data written in Experiments/1/simulator_parameters/FeedbackRRScheduler_simulator_parameters.prp
Output data written in Experiments/1/scheduler_outputs/FeedbackRRScheduler/output-seed_5112.out
Simulator data written in Experiments/1/simulator_parameters/IdealSJFScheduler_simulator_parameters.prp
Output data written in Experiments/1/scheduler_outputs/IdealSJFScheduler/output-seed_5112.out

Input parameters written in Experiments/1/input_parameters/input_parameters-seed_97108.prp
Input data written in Experiments/1/input_files/input-seed_97108.in
Simulator data written in Experiments/1/simulator_parameters/RRScheduler_simulator_parameters.prp
Output data written in Experiments/1/scheduler_outputs/RRScheduler/output-seed_97108.out
Simulator data written in Experiments/1/simulator_parameters/SJFScheduler_simulator_parameters.prp
Output data written in Experiments/1/scheduler_outputs/SJFScheduler/output-seed_97108.out
Simulator data written in Experiments/1/simulator_parameters/FcfsScheduler_simulator_parameters.prp
Output data written in Experiments/1/scheduler_outputs/FcfsScheduler/output-seed_97108.out
Simulator data written in Experiments/1/simulator_parameters/FeedbackRRScheduler_simulator_parameters.prp
Output data written in Experiments/1/scheduler_outputs/FeedbackRRScheduler/output-seed_97108.out
Simulator data written in Experiments/1/simulator_parameters/IdealSJFScheduler_simulator_parameters.prp
Output data written in Experiments/1/scheduler_outputs/IdealSJFScheduler/output-seed_97108.out

Running Experiment 2

Input parameters written in Experiments/2/input_parameters/input_parameters-seed_11654.prp
Input data written in Experiments/2/input_files/input-seed_11654.in
Simulator data written in Experiments/2/simulator_parameters/RRScheduler_simulator_parameters.prp
Output data written in Experiments/2/scheduler_outputs/RRScheduler/output-seed_11654.out
Simulator data written in Experiments/2/simulator_parameters/SJFScheduler_simulator_parameters.prp
Output data written in Experiments/2/scheduler_outputs/SJFScheduler/output-seed_11654.out
Simulator data written in Experiments/2/simulator_parameters/FcfsScheduler_simulator_parameters.prp
Output data written in Experiments/2/scheduler_outputs/FcfsScheduler/output-seed_11654.out
Simulator data written in Experiments/2/simulator_parameters/FeedbackRRScheduler_simulator_parameters.prp
Output data written in Experiments/2/scheduler_outputs/FeedbackRRScheduler/output-seed_11654.out
Simulator data written in Experiments/2/simulator_parameters/IdealSJFScheduler_simulator_parameters.prp
Output data written in Experiments/2/scheduler_outputs/IdealSJFScheduler/output-seed_11654.out

Input parameters written in Experiments/2/input_parameters/input_parameters-seed_93333.prp
Input data written in Experiments/2/input_files/input-seed_93333.in
Simulator data written in Experiments/2/simulator_parameters/RRScheduler_simulator_parameters.prp
Output data written in Experiments/2/scheduler_outputs/RRScheduler/output-seed_93333.out
Simulator data written in Experiments/2/simulator_parameters/SJFScheduler_simulator_parameters.prp
Output data written in Experiments/2/scheduler_outputs/SJFScheduler/output-seed_93333.out
Simulator data written in Experiments/2/simulator_parameters/FcfsScheduler_simulator_parameters.prp
Output data written in Experiments/2/scheduler_outputs/FcfsScheduler/output-seed_93333.out
Simulator data written in Experiments/2/simulator_parameters/FeedbackRRScheduler_simulator_parameters.prp
Output data written in Experiments/2/scheduler_outputs/FeedbackRRScheduler/output-seed_93333.out
Simulator data written in Experiments/2/simulator_parameters/IdealSJFScheduler_simulator_parameters.prp
Output data written in Experiments/2/scheduler_outputs/IdealSJFScheduler/output-seed_93333.out

Input parameters written in Experiments/2/input_parameters/input_parameters-seed_24870.prp
Input data written in Experiments/2/input_files/input-seed_24870.in
Simulator data written in Experiments/2/simulator_parameters/RRScheduler_simulator_parameters.prp
Output data written in Experiments/2/scheduler_outputs/RRScheduler/output-seed_24870.out
Simulator data written in Experiments/2/simulator_parameters/SJFScheduler_simulator_parameters.prp
Output data written in Experiments/2/scheduler_outputs/SJFScheduler/output-seed_24870.out
Simulator data written in Experiments/2/simulator_parameters/FcfsScheduler_simulator_parameters.prp
Output data written in Experiments/2/scheduler_outputs/FcfsScheduler/output-seed_24870.out
Simulator data written in Experiments/2/simulator_parameters/FeedbackRRScheduler_simulator_parameters.prp
Output data written in Experiments/2/scheduler_outputs/FeedbackRRScheduler/output-seed_24870.out
Simulator data written in Experiments/2/simulator_parameters/IdealSJFScheduler_simulator_parameters.prp
Output data written in Experiments/2/scheduler_outputs/IdealSJFScheduler/output-seed_24870.out

Input parameters written in Experiments/2/input_parameters/input_parameters-seed_8621.prp
Input data written in Experiments/2/input_files/input-seed_8621.in
Simulator data written in Experiments/2/simulator_parameters/RRScheduler_simulator_parameters.prp
Output data written in Experiments/2/scheduler_outputs/RRScheduler/output-seed_8621.out
Simulator data written in Experiments/2/simulator_parameters/SJFScheduler_simulator_parameters.prp
Output data written in Experiments/2/scheduler_outputs/SJFScheduler/output-seed_8621.out
Simulator data written in Experiments/2/simulator_parameters/FcfsScheduler_simulator_parameters.prp
Output data written in Experiments/2/scheduler_outputs/FcfsScheduler/output-seed_8621.out
Simulator data written in Experiments/2/simulator_parameters/FeedbackRRScheduler_simulator_parameters.prp
Output data written in Experiments/2/scheduler_outputs/FeedbackRRScheduler/output-seed_8621.out
Simulator data written in Experiments/2/simulator_parameters/IdealSJFScheduler_simulator_parameters.prp
Output data written in Experiments/2/scheduler_outputs/IdealSJFScheduler/output-seed_8621.out

Input parameters written in Experiments/2/input_parameters/input_parameters-seed_10291.prp
Input data written in Experiments/2/input_files/input-seed_10291.in
Simulator data written in Experiments/2/simulator_parameters/RRScheduler_simulator_parameters.prp
Output data written in Experiments/2/scheduler_outputs/RRScheduler/output-seed_10291.out
Simulator data written in Experiments/2/simulator_parameters/SJFScheduler_simulator_parameters.prp
Output data written in Experiments/2/scheduler_outputs/SJFScheduler/output-seed_10291.out
Simulator data written in Experiments/2/simulator_parameters/FcfsScheduler_simulator_parameters.prp
Output data written in Experiments/2/scheduler_outputs/FcfsScheduler/output-seed_10291.out
Simulator data written in Experiments/2/simulator_parameters/FeedbackRRScheduler_simulator_parameters.prp
Output data written in Experiments/2/scheduler_outputs/FeedbackRRScheduler/output-seed_10291.out
Simulator data written in Experiments/2/simulator_parameters/IdealSJFScheduler_simulator_parameters.prp
Output data written in Experiments/2/scheduler_outputs/IdealSJFScheduler/output-seed_10291.out

Running Experiment 3

Input parameters written in Experiments/3/input_parameters/input_parameters-seed_80253.prp
Input data written in Experiments/3/input_files/input-seed_80253.in
Simulator data written in Experiments/3/simulator_parameters/RRScheduler_simulator_parameters.prp
Output data written in Experiments/3/scheduler_outputs/RRScheduler/output-seed_80253.out
Simulator data written in Experiments/3/simulator_parameters/SJFScheduler_simulator_parameters.prp
Output data written in Experiments/3/scheduler_outputs/SJFScheduler/output-seed_80253.out
Simulator data written in Experiments/3/simulator_parameters/FcfsScheduler_simulator_parameters.prp
Output data written in Experiments/3/scheduler_outputs/FcfsScheduler/output-seed_80253.out
Simulator data written in Experiments/3/simulator_parameters/FeedbackRRScheduler_simulator_parameters.prp
Output data written in Experiments/3/scheduler_outputs/FeedbackRRScheduler/output-seed_80253.out
Simulator data written in Experiments/3/simulator_parameters/IdealSJFScheduler_simulator_parameters.prp
Output data written in Experiments/3/scheduler_outputs/IdealSJFScheduler/output-seed_80253.out

Input parameters written in Experiments/3/input_parameters/input_parameters-seed_41649.prp
Input data written in Experiments/3/input_files/input-seed_41649.in
Simulator data written in Experiments/3/simulator_parameters/RRScheduler_simulator_parameters.prp
Output data written in Experiments/3/scheduler_outputs/RRScheduler/output-seed_41649.out
Simulator data written in Experiments/3/simulator_parameters/SJFScheduler_simulator_parameters.prp
Output data written in Experiments/3/scheduler_outputs/SJFScheduler/output-seed_41649.out
Simulator data written in Experiments/3/simulator_parameters/FcfsScheduler_simulator_parameters.prp
Output data written in Experiments/3/scheduler_outputs/FcfsScheduler/output-seed_41649.out
Simulator data written in Experiments/3/simulator_parameters/FeedbackRRScheduler_simulator_parameters.prp
Output data written in Experiments/3/scheduler_outputs/FeedbackRRScheduler/output-seed_41649.out
Simulator data written in Experiments/3/simulator_parameters/IdealSJFScheduler_simulator_parameters.prp
Output data written in Experiments/3/scheduler_outputs/IdealSJFScheduler/output-seed_41649.out

Input parameters written in Experiments/3/input_parameters/input_parameters-seed_72592.prp
Input data written in Experiments/3/input_files/input-seed_72592.in
Simulator data written in Experiments/3/simulator_parameters/RRScheduler_simulator_parameters.prp
Output data written in Experiments/3/scheduler_outputs/RRScheduler/output-seed_72592.out
Simulator data written in Experiments/3/simulator_parameters/SJFScheduler_simulator_parameters.prp
Output data written in Experiments/3/scheduler_outputs/SJFScheduler/output-seed_72592.out
Simulator data written in Experiments/3/simulator_parameters/FcfsScheduler_simulator_parameters.prp
Output data written in Experiments/3/scheduler_outputs/FcfsScheduler/output-seed_72592.out
Simulator data written in Experiments/3/simulator_parameters/FeedbackRRScheduler_simulator_parameters.prp
Output data written in Experiments/3/scheduler_outputs/FeedbackRRScheduler/output-seed_72592.out
Simulator data written in Experiments/3/simulator_parameters/IdealSJFScheduler_simulator_parameters.prp
Output data written in Experiments/3/scheduler_outputs/IdealSJFScheduler/output-seed_72592.out

Input parameters written in Experiments/3/input_parameters/input_parameters-seed_7885.prp
Input data written in Experiments/3/input_files/input-seed_7885.in
Simulator data written in Experiments/3/simulator_parameters/RRScheduler_simulator_parameters.prp
Output data written in Experiments/3/scheduler_outputs/RRScheduler/output-seed_7885.out
Simulator data written in Experiments/3/simulator_parameters/SJFScheduler_simulator_parameters.prp
Output data written in Experiments/3/scheduler_outputs/SJFScheduler/output-seed_7885.out
Simulator data written in Experiments/3/simulator_parameters/FcfsScheduler_simulator_parameters.prp
Output data written in Experiments/3/scheduler_outputs/FcfsScheduler/output-seed_7885.out
Simulator data written in Experiments/3/simulator_parameters/FeedbackRRScheduler_simulator_parameters.prp
Output data written in Experiments/3/scheduler_outputs/FeedbackRRScheduler/output-seed_7885.out
Simulator data written in Experiments/3/simulator_parameters/IdealSJFScheduler_simulator_parameters.prp
Output data written in Experiments/3/scheduler_outputs/IdealSJFScheduler/output-seed_7885.out

Input parameters written in Experiments/3/input_parameters/input_parameters-seed_36334.prp
Input data written in Experiments/3/input_files/input-seed_36334.in
Simulator data written in Experiments/3/simulator_parameters/RRScheduler_simulator_parameters.prp
Output data written in Experiments/3/scheduler_outputs/RRScheduler/output-seed_36334.out
Simulator data written in Experiments/3/simulator_parameters/SJFScheduler_simulator_parameters.prp
Output data written in Experiments/3/scheduler_outputs/SJFScheduler/output-seed_36334.out
Simulator data written in Experiments/3/simulator_parameters/FcfsScheduler_simulator_parameters.prp
Output data written in Experiments/3/scheduler_outputs/FcfsScheduler/output-seed_36334.out
Simulator data written in Experiments/3/simulator_parameters/FeedbackRRScheduler_simulator_parameters.prp
Output data written in Experiments/3/scheduler_outputs/FeedbackRRScheduler/output-seed_36334.out
Simulator data written in Experiments/3/simulator_parameters/IdealSJFScheduler_simulator_parameters.prp
Output data written in Experiments/3/scheduler_outputs/IdealSJFScheduler/output-seed_36334.out
