Running Experiment 1
Input parameters written to: Experiments/Exp_1/input_parameters/input_params-seed_50.prp
Generated input data in: Experiments/Exp_1/input_files/input-seed_50.in
Input parameters written to: Experiments/Exp_1/input_parameters/input_params-seed_100.prp
Generated input data in: Experiments/Exp_1/input_files/input-seed_100.in
Input parameters written to: Experiments/Exp_1/input_parameters/input_params-seed_200.prp
Generated input data in: Experiments/Exp_1/input_files/input-seed_200.in
Input parameters written to: Experiments/Exp_1/input_parameters/input_params-seed_531.prp
Generated input data in: Experiments/Exp_1/input_files/input-seed_531.in
Input parameters written to: Experiments/Exp_1/input_parameters/input_params-seed_120.prp
Generated input data in: Experiments/Exp_1/input_files/input-seed_120.in
Input parameters written to: Experiments/Exp_1/input_parameters/input_params-seed_1234.prp
Generated input data in: Experiments/Exp_1/input_files/input-seed_1234.in
Input parameters written to: Experiments/Exp_1/input_parameters/input_params-seed_5678.prp
Generated input data in: Experiments/Exp_1/input_files/input-seed_5678.in
Input parameters written to: Experiments/Exp_1/input_parameters/input_params-seed_91011.prp
Generated input data in: Experiments/Exp_1/input_files/input-seed_91011.in
Input parameters written to: Experiments/Exp_1/input_parameters/input_params-seed_121314.prp
Generated input data in: Experiments/Exp_1/input_files/input-seed_121314.in
Input parameters written to: Experiments/Exp_1/input_parameters/input_params-seed_151617.prp
Generated input data in: Experiments/Exp_1/input_files/input-seed_151617.in
Input parameters written to: Experiments/Exp_1/input_parameters/input_params-seed_5124.prp
Generated input data in: Experiments/Exp_1/input_files/input-seed_5124.in
Input parameters written to: Experiments/Exp_1/input_parameters/input_params-seed_6789.prp
Generated input data in: Experiments/Exp_1/input_files/input-seed_6789.in
Input parameters written to: Experiments/Exp_1/input_parameters/input_params-seed_1234.prp
Generated input data in: Experiments/Exp_1/input_files/input-seed_1234.in
Input parameters written to: Experiments/Exp_1/input_parameters/input_params-seed_5678.prp
Generated input data in: Experiments/Exp_1/input_files/input-seed_5678.in
Input parameters written to: Experiments/Exp_1/input_parameters/input_params-seed_91011.prp
Generated input data in: Experiments/Exp_1/input_files/input-seed_91011.in
----------- Running RRScheduler Scheduler -----------
Simulator parameters written to: Experiments/Exp_1/simulator_parameters/RRScheduler_sim_params-seed_91011.prp
Running simulation with seed: 50
Running simulation with seed: 100
Running simulation with seed: 200
Running simulation with seed: 531
Running simulation with seed: 120
Running simulation with seed: 1234
Running simulation with seed: 5678
Running simulation with seed: 91011
Running simulation with seed: 121314
Running simulation with seed: 151617
Running simulation with seed: 5124
Running simulation with seed: 6789
Running simulation with seed: 1234
Running simulation with seed: 5678
Running simulation with seed: 91011
----------- Running SJFScheduler Scheduler -----------
Simulator parameters written to: Experiments/Exp_1/simulator_parameters/SJFScheduler_sim_params-seed_91011.prp
Running simulation with seed: 50
Running simulation with seed: 100
Running simulation with seed: 200
Running simulation with seed: 531
Running simulation with seed: 120
Running simulation with seed: 1234
Running simulation with seed: 5678
Running simulation with seed: 91011
Running simulation with seed: 121314
Running simulation with seed: 151617
Running simulation with seed: 5124
Running simulation with seed: 6789
Running simulation with seed: 1234
Running simulation with seed: 5678
Running simulation with seed: 91011
----------- Running FcfsScheduler Scheduler -----------
Simulator parameters written to: Experiments/Exp_1/simulator_parameters/FcfsScheduler_sim_params-seed_91011.prp
Running simulation with seed: 50
Running simulation with seed: 100
Running simulation with seed: 200
Running simulation with seed: 531
Running simulation with seed: 120
Running simulation with seed: 1234
Running simulation with seed: 5678
Running simulation with seed: 91011
Running simulation with seed: 121314
Running simulation with seed: 151617
Running simulation with seed: 5124
Running simulation with seed: 6789
Running simulation with seed: 1234
Running simulation with seed: 5678
Running simulation with seed: 91011
----------- Running FeedbackRRScheduler Scheduler -----------
Simulator parameters written to: Experiments/Exp_1/simulator_parameters/FeedbackRRScheduler_sim_params-seed_91011.prp
Running simulation with seed: 50
Running simulation with seed: 100
Running simulation with seed: 200
Running simulation with seed: 531
Running simulation with seed: 120
Running simulation with seed: 1234
Running simulation with seed: 5678
Running simulation with seed: 91011
Running simulation with seed: 121314
Running simulation with seed: 151617
Running simulation with seed: 5124
Running simulation with seed: 6789
Running simulation with seed: 1234
Running simulation with seed: 5678
Running simulation with seed: 91011
----------- Running IdealSJFScheduler Scheduler -----------
Simulator parameters written to: Experiments/Exp_1/simulator_parameters/IdealSJFScheduler_sim_params-seed_91011.prp
Running simulation with seed: 50
Running simulation with seed: 100
Running simulation with seed: 200
Running simulation with seed: 531
Running simulation with seed: 120
Running simulation with seed: 1234
Running simulation with seed: 5678
Running simulation with seed: 91011
Running simulation with seed: 121314
Running simulation with seed: 151617
Running simulation with seed: 5124
Running simulation with seed: 6789
Running simulation with seed: 1234
Running simulation with seed: 5678
Running simulation with seed: 91011
===================================================
Running Experiment 2
Input parameters written to: Experiments/Exp_2/input_parameters/input_params-seed_50.prp
Generated input data in: Experiments/Exp_2/input_files/input-seed_50.in
Input parameters written to: Experiments/Exp_2/input_parameters/input_params-seed_100.prp
Generated input data in: Experiments/Exp_2/input_files/input-seed_100.in
Input parameters written to: Experiments/Exp_2/input_parameters/input_params-seed_200.prp
Generated input data in: Experiments/Exp_2/input_files/input-seed_200.in
Input parameters written to: Experiments/Exp_2/input_parameters/input_params-seed_531.prp
Generated input data in: Experiments/Exp_2/input_files/input-seed_531.in
Input parameters written to: Experiments/Exp_2/input_parameters/input_params-seed_120.prp
Generated input data in: Experiments/Exp_2/input_files/input-seed_120.in
Input parameters written to: Experiments/Exp_2/input_parameters/input_params-seed_1234.prp
Generated input data in: Experiments/Exp_2/input_files/input-seed_1234.in
Input parameters written to: Experiments/Exp_2/input_parameters/input_params-seed_5678.prp
Generated input data in: Experiments/Exp_2/input_files/input-seed_5678.in
Input parameters written to: Experiments/Exp_2/input_parameters/input_params-seed_91011.prp
Generated input data in: Experiments/Exp_2/input_files/input-seed_91011.in
Input parameters written to: Experiments/Exp_2/input_parameters/input_params-seed_121314.prp
Generated input data in: Experiments/Exp_2/input_files/input-seed_121314.in
Input parameters written to: Experiments/Exp_2/input_parameters/input_params-seed_151617.prp
Generated input data in: Experiments/Exp_2/input_files/input-seed_151617.in
Input parameters written to: Experiments/Exp_2/input_parameters/input_params-seed_5124.prp
Generated input data in: Experiments/Exp_2/input_files/input-seed_5124.in
Input parameters written to: Experiments/Exp_2/input_parameters/input_params-seed_6789.prp
Generated input data in: Experiments/Exp_2/input_files/input-seed_6789.in
Input parameters written to: Experiments/Exp_2/input_parameters/input_params-seed_1234.prp
Generated input data in: Experiments/Exp_2/input_files/input-seed_1234.in
Input parameters written to: Experiments/Exp_2/input_parameters/input_params-seed_5678.prp
Generated input data in: Experiments/Exp_2/input_files/input-seed_5678.in
Input parameters written to: Experiments/Exp_2/input_parameters/input_params-seed_91011.prp
Generated input data in: Experiments/Exp_2/input_files/input-seed_91011.in
----------- Running RRScheduler Scheduler -----------
Simulator parameters written to: Experiments/Exp_2/simulator_parameters/RRScheduler_sim_params-seed_91011.prp
Running simulation with seed: 50
Running simulation with seed: 100
Running simulation with seed: 200
Running simulation with seed: 531
Running simulation with seed: 120
Running simulation with seed: 1234
Running simulation with seed: 5678
Running simulation with seed: 91011
Running simulation with seed: 121314
Running simulation with seed: 151617
Running simulation with seed: 5124
Running simulation with seed: 6789
Running simulation with seed: 1234
Running simulation with seed: 5678
Running simulation with seed: 91011
----------- Running SJFScheduler Scheduler -----------
Simulator parameters written to: Experiments/Exp_2/simulator_parameters/SJFScheduler_sim_params-seed_91011.prp
Running simulation with seed: 50
Running simulation with seed: 100
Running simulation with seed: 200
Running simulation with seed: 531
Running simulation with seed: 120
Running simulation with seed: 1234
Running simulation with seed: 5678
Running simulation with seed: 91011
Running simulation with seed: 121314
Running simulation with seed: 151617
Running simulation with seed: 5124
Running simulation with seed: 6789
Running simulation with seed: 1234
Running simulation with seed: 5678
Running simulation with seed: 91011
----------- Running FcfsScheduler Scheduler -----------
Simulator parameters written to: Experiments/Exp_2/simulator_parameters/FcfsScheduler_sim_params-seed_91011.prp
Running simulation with seed: 50
Running simulation with seed: 100
Running simulation with seed: 200
Running simulation with seed: 531
Running simulation with seed: 120
Running simulation with seed: 1234
Running simulation with seed: 5678
Running simulation with seed: 91011
Running simulation with seed: 121314
Running simulation with seed: 151617
Running simulation with seed: 5124
Running simulation with seed: 6789
Running simulation with seed: 1234
Running simulation with seed: 5678
Running simulation with seed: 91011
----------- Running FeedbackRRScheduler Scheduler -----------
Simulator parameters written to: Experiments/Exp_2/simulator_parameters/FeedbackRRScheduler_sim_params-seed_91011.prp
Running simulation with seed: 50
Running simulation with seed: 100
Running simulation with seed: 200
Running simulation with seed: 531
Running simulation with seed: 120
Running simulation with seed: 1234
Running simulation with seed: 5678
Running simulation with seed: 91011
Running simulation with seed: 121314
Running simulation with seed: 151617
Running simulation with seed: 5124
Running simulation with seed: 6789
Running simulation with seed: 1234
Running simulation with seed: 5678
Running simulation with seed: 91011
----------- Running IdealSJFScheduler Scheduler -----------
Simulator parameters written to: Experiments/Exp_2/simulator_parameters/IdealSJFScheduler_sim_params-seed_91011.prp
Running simulation with seed: 50
Running simulation with seed: 100
Running simulation with seed: 200
Running simulation with seed: 531
Running simulation with seed: 120
Running simulation with seed: 1234
Running simulation with seed: 5678
Running simulation with seed: 91011
Running simulation with seed: 121314
Running simulation with seed: 151617
Running simulation with seed: 5124
Running simulation with seed: 6789
Running simulation with seed: 1234
Running simulation with seed: 5678
Running simulation with seed: 91011
===================================================
Running Experiment 3
Input parameters written to: Experiments/Exp_3/input_parameters/input_params-seed_50.prp
Generated input data in: Experiments/Exp_3/input_files/input-seed_50.in
Input parameters written to: Experiments/Exp_3/input_parameters/input_params-seed_100.prp
Generated input data in: Experiments/Exp_3/input_files/input-seed_100.in
Input parameters written to: Experiments/Exp_3/input_parameters/input_params-seed_200.prp
Generated input data in: Experiments/Exp_3/input_files/input-seed_200.in
Input parameters written to: Experiments/Exp_3/input_parameters/input_params-seed_531.prp
Generated input data in: Experiments/Exp_3/input_files/input-seed_531.in
Input parameters written to: Experiments/Exp_3/input_parameters/input_params-seed_120.prp
Generated input data in: Experiments/Exp_3/input_files/input-seed_120.in
Input parameters written to: Experiments/Exp_3/input_parameters/input_params-seed_1234.prp
Generated input data in: Experiments/Exp_3/input_files/input-seed_1234.in
Input parameters written to: Experiments/Exp_3/input_parameters/input_params-seed_5678.prp
Generated input data in: Experiments/Exp_3/input_files/input-seed_5678.in
Input parameters written to: Experiments/Exp_3/input_parameters/input_params-seed_91011.prp
Generated input data in: Experiments/Exp_3/input_files/input-seed_91011.in
Input parameters written to: Experiments/Exp_3/input_parameters/input_params-seed_121314.prp
Generated input data in: Experiments/Exp_3/input_files/input-seed_121314.in
Input parameters written to: Experiments/Exp_3/input_parameters/input_params-seed_151617.prp
Generated input data in: Experiments/Exp_3/input_files/input-seed_151617.in
Input parameters written to: Experiments/Exp_3/input_parameters/input_params-seed_5124.prp
Generated input data in: Experiments/Exp_3/input_files/input-seed_5124.in
Input parameters written to: Experiments/Exp_3/input_parameters/input_params-seed_6789.prp
Generated input data in: Experiments/Exp_3/input_files/input-seed_6789.in
Input parameters written to: Experiments/Exp_3/input_parameters/input_params-seed_1234.prp
Generated input data in: Experiments/Exp_3/input_files/input-seed_1234.in
Input parameters written to: Experiments/Exp_3/input_parameters/input_params-seed_5678.prp
Generated input data in: Experiments/Exp_3/input_files/input-seed_5678.in
Input parameters written to: Experiments/Exp_3/input_parameters/input_params-seed_91011.prp
Generated input data in: Experiments/Exp_3/input_files/input-seed_91011.in
----------- Running RRScheduler Scheduler -----------
Simulator parameters written to: Experiments/Exp_3/simulator_parameters/RRScheduler_sim_params-seed_91011.prp
Running simulation with seed: 50
Running simulation with seed: 100
Running simulation with seed: 200
Running simulation with seed: 531
Running simulation with seed: 120
Running simulation with seed: 1234
Running simulation with seed: 5678
Running simulation with seed: 91011
Running simulation with seed: 121314
Running simulation with seed: 151617
Running simulation with seed: 5124
Running simulation with seed: 6789
Running simulation with seed: 1234
Running simulation with seed: 5678
Running simulation with seed: 91011
----------- Running SJFScheduler Scheduler -----------
Simulator parameters written to: Experiments/Exp_3/simulator_parameters/SJFScheduler_sim_params-seed_91011.prp
Running simulation with seed: 50
Running simulation with seed: 100
Running simulation with seed: 200
Running simulation with seed: 531
Running simulation with seed: 120
Running simulation with seed: 1234
Running simulation with seed: 5678
Running simulation with seed: 91011
Running simulation with seed: 121314
Running simulation with seed: 151617
Running simulation with seed: 5124
Running simulation with seed: 6789
Running simulation with seed: 1234
Running simulation with seed: 5678
Running simulation with seed: 91011
----------- Running FcfsScheduler Scheduler -----------
Simulator parameters written to: Experiments/Exp_3/simulator_parameters/FcfsScheduler_sim_params-seed_91011.prp
Running simulation with seed: 50
Running simulation with seed: 100
Running simulation with seed: 200
Running simulation with seed: 531
Running simulation with seed: 120
Running simulation with seed: 1234
Running simulation with seed: 5678
Running simulation with seed: 91011
Running simulation with seed: 121314
Running simulation with seed: 151617
Running simulation with seed: 5124
Running simulation with seed: 6789
Running simulation with seed: 1234
Running simulation with seed: 5678
Running simulation with seed: 91011
----------- Running FeedbackRRScheduler Scheduler -----------
Simulator parameters written to: Experiments/Exp_3/simulator_parameters/FeedbackRRScheduler_sim_params-seed_91011.prp
Running simulation with seed: 50
Running simulation with seed: 100
Running simulation with seed: 200
Running simulation with seed: 531
Running simulation with seed: 120
Running simulation with seed: 1234
Running simulation with seed: 5678
Running simulation with seed: 91011
Running simulation with seed: 121314
Running simulation with seed: 151617
Running simulation with seed: 5124
Running simulation with seed: 6789
Running simulation with seed: 1234
Running simulation with seed: 5678
Running simulation with seed: 91011
----------- Running IdealSJFScheduler Scheduler -----------
Simulator parameters written to: Experiments/Exp_3/simulator_parameters/IdealSJFScheduler_sim_params-seed_91011.prp
Running simulation with seed: 50
Running simulation with seed: 100
Running simulation with seed: 200
Running simulation with seed: 531
Running simulation with seed: 120
Running simulation with seed: 1234
Running simulation with seed: 5678
Running simulation with seed: 91011
Running simulation with seed: 121314
Running simulation with seed: 151617
Running simulation with seed: 5124
Running simulation with seed: 6789
Running simulation with seed: 1234
Running simulation with seed: 5678
Running simulation with seed: 91011
===================================================
