id	priority	createdTime	startedTime	terminatedTime	cpuTime	blockedTime	turnaroundTime	waitingTime	responseTime
1	0	0	1	56	32	2	56	22	1
3	0	21	27	73	35	1	52	16	6
4	0	44	47	106	17	1	62	44	3
5	0	58	76	109	15	1	51	35	18
10	0	91	110	174	35	4	83	44	19
22	0	176	194	199	5	0	23	18	18
27	0	224	274	311	18	1	87	68	50
43	0	384	398	424	16	1	40	23	14
50	0	427	438	443	5	0	16	11	11
51	0	441	455	464	9	0	23	14	14
56	0	490	522	535	13	0	45	32	32
46	0	409	484	565	47	2	156	107	75
47	0	414	614	721	42	1	307	264	200
76	0	733	736	773	17	2	40	21	3
72	0	707	774	795	21	0	88	67	67
83	0	810	820	821	1	0	11	10	10
90	0	871	892	905	13	0	34	21	21
32	0	260	822	964	49	1	704	654	562
17	0	139	915	974	31	1	835	803	776
7	0	65	1086	1110	24	0	1045	1021	1021
105	0	1038	1043	1132	58	2	94	34	5
118	0	1151	1188	1216	28	0	65	37	37
126	0	1198	1281	1304	23	0	106	83	83
133	0	1291	1305	1309	4	0	18	14	14
134	0	1302	1310	1356	29	1	54	24	8
132	0	1260	1398	1428	30	0	168	138	138
141	0	1398	1429	1436	7	0	38	31	31
143	0	1405	1451	1539	51	2	134	81	46
151	0	1484	1504	1590	34	5	106	67	20
66	0	616	1619	1644	25	0	1028	1003	1003
26	0	220	236	1680	36	3	1460	1421	16
166	0	1701	1736	1746	10	0	45	35	35
80	0	776	806	1803	45	2	1027	980	30
184	0	1817	1850	1868	18	0	51	33	33
179	0	1800	1804	1874	20	3	74	51	4
193	0	1916	1924	1970	21	1	54	32	8
195	0	1957	1971	1974	3	0	17	14	14
183	0	1814	1997	2102	68	2	288	218	183
211	0	2137	2152	2156	4	0	19	15	15
225	0	2234	2252	2296	26	1	62	35	18
217	0	2169	2178	2351	32	3	182	147	9
247	0	2494	2502	2510	8	0	16	8	8
252	0	2530	2534	2537	3	0	7	4	4
220	0	2189	2201	2557	33	1	368	334	12
250	0	2512	2521	2603	38	3	91	50	9
259	0	2660	2683	2685	2	0	25	23	23
226	0	2235	2639	2690	24	1	455	430	404
221	0	2209	2711	2736	25	0	527	502	502
263	0	2711	2743	2787	19	1	76	56	32
265	0	2720	2855	2931	33	2	211	176	135
279	0	2882	2915	2969	16	4	87	67	33
285	0	2910	2932	3020	27	1	110	82	22
282	0	2892	3027	3048	21	0	156	135	135
297	0	3082	3128	3167	28	1	85	56	46
304	0	3146	3168	3182	14	0	36	22	22
308	0	3183	3187	3191	4	0	8	4	4
307	0	3175	3183	3264	26	1	89	62	8
246	0	2468	2482	3333	38	2	865	825	14
317	0	3313	3336	3337	1	0	24	23	23
314	0	3243	3287	3345	25	1	102	76	44
224	0	2219	2226	3421	49	7	1202	1146	7
323	0	3379	3396	3423	22	1	44	21	17
325	0	3449	3488	3515	14	1	66	51	39
229	0	2262	3424	3527	39	2	1265	1224	1162
329	0	3489	3536	3556	20	0	67	47	47
214	0	2160	2176	3595	25	1	1435	1409	16
333	0	3610	3625	3633	8	0	23	15	15
255	0	2603	3447	3685	69	4	1082	1009	844
338	0	3641	3694	3717	12	1	76	63	53
343	0	3689	3704	3769	31	3	80	46	15
352	0	3786	3790	3852	28	1	66	37	4
363	0	3889	3915	3963	23	3	74	48	26
386	0	4098	4115	4154	20	5	56	31	17
394	0	4146	4155	4164	9	0	18	9	9
395	0	4183	4187	4224	17	1	41	23	4
390	0	4106	4167	4272	40	1	166	125	61
397	0	4233	4239	4286	22	2	53	29	6
375	0	4007	4028	4307	30	1	300	269	21
396	0	4231	4308	4336	28	0	105	77	77
405	0	4321	4388	4408	20	0	87	67	67
414	0	4398	4409	4489	30	4	91	57	11
434	0	4626	4635	4643	8	0	17	9	9
445	0	4744	4754	4762	8	0	18	10	10
446	0	4765	4777	4782	5	0	17	12	12
440	0	4670	4692	4803	34	2	133	97	22
444	0	4731	4750	4829	25	3	98	70	19
454	0	4819	4830	4843	13	0	24	11	11
416	0	4422	4869	4920	35	2	498	461	447
458	0	4884	4892	4930	23	2	46	21	8
466	0	4995	5056	5074	18	0	79	61	61
472	0	5026	5041	5087	26	1	61	34	15
484	0	5133	5160	5175	15	0	42	27	27
482	0	5109	5117	5240	32	4	131	95	8
496	0	5240	5250	5262	12	0	22	10	10
492	0	5194	5347	5394	21	4	200	175	153
411	0	4360	4374	5698	96	8	1338	1234	14
387	0	4102	5699	5754	28	2	1652	1622	1597
28	0	232	245	5762	63	4	5530	5463	13
494	0	5225	5263	5842	38	2	617	577	38
144	0	1412	1472	6004	66	6	4592	4520	60
164	0	1691	6099	6125	26	0	4434	4408	4408
428	0	4575	4594	6178	34	3	1603	1566	19
470	0	5020	5025	6272	41	2	1252	1209	5
327	0	3468	3474	6491	33	1	3023	2989	6
239	0	2387	2426	6561	42	3	4174	4129	39
399	0	4260	6572	6599	27	0	2339	2312	2312
253	0	2565	6273	6722	74	2	4157	4081	3708
423	0	4512	6747	6775	28	0	2263	2235	2235
108	0	1052	6776	6894	46	2	5842	5794	5724
269	0	2772	6966	6994	28	0	4222	4194	4194
19	0	159	175	7091	72	4	6932	6856	16
315	0	3268	7151	7216	34	1	3948	3913	3883
289	0	3007	7217	7304	56	1	4297	4240	4210
361	0	3875	3897	7469	37	1	3594	3556	22
189	0	1877	7500	7564	32	1	5687	5654	5623
487	0	5144	7531	7612	46	2	2468	2420	2387
205	0	2069	2073	7752	62	4	5683	5617	4
65	0	594	7753	7782	29	0	7188	7159	7159
283	0	2905	2910	7874	52	2	4969	4915	5
69	0	657	662	7900	123	10	7243	7110	5
373	0	3996	7931	7962	31	0	3966	3935	3935
213	0	2141	7963	7993	30	0	5852	5822	5822
204	0	2059	8057	8088	31	0	6029	5998	5998
248	0	2496	8106	8137	31	0	5641	5610	5610
129	0	1228	1239	8186	36	1	6958	6921	11
353	0	3811	8025	8208	84	3	4397	4310	4214
276	0	2868	2881	8271	32	1	5403	5370	13
130	0	1230	1245	8279	82	5	7049	6962	15
254	0	2597	2758	8310	96	5	5713	5612	161
485	0	5138	5147	8444	62	2	3306	3242	9
380	0	4042	8343	8527	91	5	4485	4389	4301
160	0	1626	8582	8614	32	0	6988	6956	6956
415	0	4406	8631	8825	70	2	4419	4347	4225
359	0	3867	8474	8900	136	21	5033	4876	4607
95	0	945	8311	8944	64	3	7999	7932	7366
87	0	859	975	9002	94	9	8143	8040	116
302	0	3134	9019	9092	37	1	5958	5920	5885
192	0	1910	9127	9185	52	2	7275	7221	7217
351	0	3777	9093	9216	67	3	5439	5369	5316
347	0	3743	3805	9250	57	1	5507	5449	62
334	0	3614	9251	9284	33	0	5670	5637	5637
235	0	2322	2352	9436	49	2	7114	7063	30
462	0	4964	9437	9540	46	2	4576	4528	4473
81	0	785	7121	9602	63	2	8817	8752	6336
372	0	3992	9730	9806	39	1	5814	5774	5738
181	0	1804	9766	9839	67	1	8035	7967	7962
167	0	1708	9911	10023	62	6	8315	8247	8203
237	0	2365	10077	10112	35	0	7747	7712	7712
293	0	3041	5562	10183	74	2	7142	7066	2521
68	0	651	10231	10310	42	2	9659	9615	9580
123	0	1191	1373	10410	113	7	9219	9099	182
291	0	3026	10339	10420	50	2	7394	7342	7313
290	0	3010	3021	10455	39	2	7445	7404	11
77	0	740	753	10490	52	1	9750	9697	13
413	0	4373	10611	10706	69	2	6333	6262	6238
34	0	309	10798	10834	36	0	10525	10489	10489
251	0	2521	10842	10955	66	2	8434	8366	8321
275	0	2863	10879	10966	53	2	8103	8048	8016
191	0	1898	1975	11003	55	3	9105	9047	77
186	0	1856	1906	11111	86	3	9255	9166	50
25	0	189	208	11197	59	4	11008	10945	19
374	0	4004	11205	11308	71	1	7304	7232	7201
382	0	4066	4085	11313	111	10	7247	7126	19
358	0	3861	8784	11350	78	4	7489	7407	4923
31	0	255	11351	11431	41	1	11176	11134	11096
268	0	2771	11432	11572	60	7	8801	8734	8661
172	0	1754	1758	11634	50	1	9880	9829	4
389	0	4105	11708	11792	46	3	7687	7638	7603
424	0	4515	11796	11931	64	3	7416	7349	7281
400	0	4275	12073	12111	38	0	7836	7798	7798
296	0	3073	3092	12113	208	12	9040	8820	19
274	0	2812	2816	12151	47	1	9339	9291	4
67	0	625	636	12259	50	3	11634	11581	11
140	0	1392	12152	12289	90	2	10897	10805	10760
355	0	3817	3870	12376	115	9	8559	8435	53
422	0	4508	12390	12429	39	0	7921	7882	7882
99	0	967	12329	12515	89	6	11548	11453	11362
115	0	1125	9471	12555	118	3	11430	11309	8346
257	0	2618	2627	12646	52	4	10028	9972	9
491	0	5166	5367	12737	62	2	7571	7507	201
55	0	484	597	12763	113	9	12279	12157	113
219	0	2188	11469	12803	77	1	10615	10537	9281
109	0	1058	12804	12843	39	0	11785	11746	11746
198	0	2007	2025	12965	59	4	10958	10895	18
163	0	1685	7408	13183	76	2	11498	11420	5723
292	0	3029	13405	13445	40	0	10416	10376	10376
447	0	4776	13520	13562	42	0	8786	8744	8744
157	0	1593	13476	13695	100	7	12102	11995	11883
86	0	840	846	13742	52	4	12902	12846	6
376	0	4029	4043	13839	81	6	9810	9723	14
196	0	1985	1995	13971	63	2	11986	11921	10
202	0	2055	2107	14177	132	6	12122	11984	52
64	0	566	14030	14334	144	5	13768	13619	13464
489	0	5149	14261	14422	85	5	9273	9183	9112
312	0	3240	3265	14425	85	4	11185	11096	25
499	0	5276	5291	14553	49	2	9277	9226	15
178	0	1798	7470	14603	104	2	12805	12699	5672
277	0	2871	14617	14659	42	0	11788	11746	11746
11	0	102	14660	14702	42	0	14600	14558	14558
441	0	4682	14746	14840	78	2	10158	10078	10064
180	0	1801	9875	14927	89	2	13126	13035	8074
223	0	2213	14841	14960	74	2	12747	12671	12628
295	0	3066	3097	15047	63	2	11981	11916	31
481	0	5098	5176	15091	82	6	9993	9905	78
207	0	2110	2130	15323	102	4	13213	13107	20
199	0	2022	15136	15337	110	9	13315	13196	13114
110	0	1061	1065	15501	88	3	14440	14349	4
139	0	1389	15505	15549	44	0	14160	14116	14116
346	0	3739	15558	15713	87	4	11974	11883	11819
278	0	2877	15382	15738	171	9	12861	12681	12505
403	0	4312	15739	15917	84	2	11605	11519	11427
228	0	2254	15963	16077	67	2	13823	13754	13709
243	0	2444	2465	16089	79	3	13645	13563	21
264	0	2717	16135	16180	45	0	13463	13418	13418
425	0	4519	6219	16271	71	1	11752	11680	1700
148	0	1436	16181	16276	48	1	14840	14791	14745
58	0	513	579	16377	94	5	15864	15765	66
473	0	5032	16394	16613	119	6	11581	11456	11362
103	0	1020	16322	16735	179	11	15715	15525	15302
271	0	2796	16736	16953	91	4	14157	14062	13940
384	0	4082	16883	16956	49	1	12874	12824	12801
153	0	1507	1681	17003	87	8	15496	15401	174
16	0	127	17004	17118	65	2	16991	16924	16877
406	0	4322	17051	17121	49	1	12799	12749	12729
62	0	560	566	17168	154	4	16608	16450	6
37	0	333	6299	17263	113	3	16930	16814	5966
360	0	3869	4087	17299	191	20	13430	13219	218
168	0	1709	1713	17347	57	1	15638	15580	4
432	0	4604	5395	17444	70	1	12840	12769	791
20	0	163	17348	17451	53	2	17288	17233	17185
49	0	422	17452	17591	81	3	17169	17085	17030
417	0	4437	4450	17660	230	26	13223	12967	13
459	0	4901	5647	17756	73	1	12855	12781	746
321	0	3340	17810	17859	49	0	14519	14470	14470
227	0	2251	2368	17873	84	4	15622	15534	117
170	0	1723	17874	17922	48	0	16199	16151	16151
185	0	1824	1889	18078	72	3	16254	16179	65
460	0	4907	11388	18082	136	5	13175	13034	6481
427	0	4555	4573	18275	128	5	13720	13587	18
233	0	2286	18132	18294	98	6	16008	15904	15846
431	0	4595	4618	18393	65	1	13798	13732	23
117	0	1143	18444	18565	69	4	17422	17349	17301
340	0	3652	18585	18664	64	1	15012	14947	14933
337	0	3622	18495	18700	116	3	15078	14959	14873
436	0	4641	5418	18825	95	2	14184	14087	777
119	0	1154	7783	18869	122	2	17715	17591	6629
122	0	1188	1221	19070	106	4	17882	17772	33
33	0	305	312	19080	83	3	18775	18689	7
286	0	2935	2942	19130	56	1	16195	16138	7
149	0	1450	19131	19180	49	0	17730	17681	17681
232	0	2280	19232	19283	51	0	17003	16952	16952
44	0	388	391	19334	64	2	18946	18880	3
89	0	869	883	19438	60	1	18569	18508	14
298	0	3096	19335	19464	75	1	16368	16292	16239
98	0	957	19465	19516	51	0	18559	18508	18508
111	0	1081	19735	19833	90	3	18752	18659	18654
393	0	4126	4133	20005	89	2	15879	15788	7
52	0	445	7565	20228	154	5	19783	19624	7120
350	0	3771	16782	20360	127	4	16589	16458	13011
120	0	1157	1170	20529	93	4	19372	19275	13
272	0	2809	2827	20620	125	4	17811	17682	18
88	0	866	20731	20843	56	3	19977	19918	19865
408	0	4334	20954	21009	55	0	16675	16620	16620
345	0	3709	20675	21112	176	11	17403	17216	16966
131	0	1246	21035	21126	68	1	19880	19811	19789
318	0	3322	21127	21264	80	1	17942	17861	17805
367	0	3942	7994	21305	125	2	17363	17236	4052
410	0	4345	21431	21488	57	0	17143	17086	17086
209	0	2131	2233	21602	129	5	19471	19337	102
203	0	2057	21513	21688	83	4	19631	19544	19456
324	0	3408	21697	21823	68	2	18415	18345	18289
249	0	2498	2511	21903	70	3	19405	19332	13
339	0	3646	3672	21907	143	16	18261	18102	26
79	0	773	796	22088	118	9	21315	21188	23
73	0	713	722	22242	253	12	21529	21264	9
433	0	4624	4710	22255	102	8	17631	17521	86
101	0	983	999	22312	65	1	21329	21263	16
435	0	4628	4644	22437	122	7	17809	17680	16
137	0	1351	22476	22597	77	1	21246	21168	21125
354	0	3816	3830	22692	220	9	18876	18647	14
242	0	2428	12439	22733	140	4	20305	20161	10011
125	0	1197	5763	22790	80	1	21593	21512	4566
349	0	3759	19181	22938	137	2	19179	19040	15422
8	0	66	13192	23075	202	19	23009	22788	13126
128	0	1206	1217	23236	96	3	22030	21931	11
341	0	3654	3686	23474	130	3	19820	19687	32
106	0	1042	10491	23505	250	9	22463	22204	9449
299	0	3102	3118	23691	77	3	20589	20509	16
294	0	3042	3049	23750	115	3	20708	20590	7
18	0	151	23751	23809	58	0	23658	23600	23600
201	0	2040	23810	23868	58	0	21828	21770	21770
369	0	3951	23928	24038	78	1	20087	20008	19977
187	0	1857	23869	24081	130	3	22224	22091	22012
84	0	833	858	24216	97	2	23383	23284	25
85	0	834	1560	24335	85	1	23501	23415	726
13	0	114	20252	24365	140	6	24251	24105	20138
477	0	5088	24426	24563	75	1	19475	19399	19338
63	0	563	24757	24817	60	0	24254	24194	24194
284	0	2909	2970	25153	305	15	22244	21924	61
236	0	2361	3066	25267	199	5	22906	22702	705
152	0	1498	25274	25334	60	0	23836	23776	23776
475	0	5084	25663	25724	61	0	20640	20579	20579
206	0	2092	24487	25804	123	3	23712	23586	22395
216	0	2166	2183	26050	95	7	23884	23782	17
401	0	4283	6804	26064	234	16	21781	21531	2521
439	0	4667	4674	26288	207	6	21621	21408	7
174	0	1772	26065	26368	109	5	24596	24482	24293
171	0	1726	26193	26378	104	3	24652	24545	24467
490	0	5162	5313	26441	78	1	21279	21200	151
92	0	902	26442	26626	119	2	25724	25603	25540
273	0	2811	9672	26695	97	2	23884	23785	6861
419	0	4470	26505	26706	77	3	22236	22156	22035
241	0	2409	26770	26983	83	2	24574	24489	24361
114	0	1120	1133	26998	84	2	25878	25792	13
370	0	3966	4001	27127	83	1	23161	23077	35
320	0	3328	27161	27225	64	0	23897	23833	23833
280	0	2885	2906	27375	76	2	24490	24412	21
383	0	4069	27246	27503	124	4	23434	23306	23177
175	0	1774	27433	27810	234	7	26036	25795	25659
240	0	2400	27523	27817	133	10	25417	25274	25123
457	0	4845	4862	27964	125	7	23119	22987	17
231	0	2272	28005	28137	92	1	25865	25772	25733
332	0	3559	3565	28387	236	7	24828	24585	6
222	0	2211	2218	28513	139	8	26302	26155	7
70	0	658	12650	28724	192	9	28066	27865	11992
479	0	5096	28727	28960	126	6	23864	23732	23631
404	0	4317	4337	29055	69	2	24738	24667	20
113	0	1110	28839	29109	152	4	27999	27843	27729
465	0	4984	25502	29176	158	3	24192	24031	20518
402	0	4289	29244	29470	118	2	25181	25061	24955
449	0	4795	4804	29607	87	2	24812	24723	9
162	0	1683	26834	29946	154	3	28263	28106	25151
107	0	1049	29635	30278	247	17	29229	28965	28586
194	0	1952	30074	30363	130	7	28411	28274	28122
145	0	1413	19517	30656	122	2	29243	29119	18104
100	0	969	30388	30991	221	17	30022	29784	29419
158	0	1607	30825	31130	189	4	29523	29330	29218
385	0	4091	20361	31202	177	3	27111	26931	16270
212	0	2138	31235	31419	150	5	29281	29126	29097
451	0	4813	5442	31442	197	13	26629	26419	629
371	0	3977	31443	31641	125	1	27664	27538	27466
54	0	471	31514	31670	99	1	31199	31099	31043
448	0	4791	31742	31857	91	3	27066	26972	26951
322	0	3345	11515	31888	213	9	28543	28321	8170
443	0	4727	31889	32278	182	7	27551	27362	27162
155	0	1577	32298	32561	115	4	30984	30865	30721
215	0	2164	32454	32578	88	4	30414	30322	30290
238	0	2385	2420	32797	238	9	30412	30165	35
94	0	920	1141	32848	199	5	31928	31724	221
142	0	1403	32849	33000	77	5	31597	31515	31446
398	0	4252	4273	33338	189	8	29086	28889	21
121	0	1179	10035	33412	108	1	32233	32124	8856
281	0	2890	20470	33430	249	5	30540	30286	17580
57	0	492	536	33623	121	5	33131	33005	44
316	0	3311	3334	33633	89	5	30322	30228	23
23	0	181	219	33973	165	3	33792	33624	38
135	0	1313	6600	34213	322	12	32900	32566	5287
75	0	725	33977	34294	144	3	33569	33422	33252
169	0	1715	1724	34336	250	11	32621	32360	9
197	0	1996	34337	34608	133	4	32612	32475	32341
330	0	3524	3528	34684	82	1	31160	31077	4
53	0	452	471	34837	158	6	34385	34221	19
388	0	4104	6062	34924	200	4	30820	30616	1958
348	0	3752	34949	35026	77	0	31274	31197	31197
483	0	5128	34685	35064	143	5	29936	29788	29557
493	0	5214	5220	35219	115	6	30005	29884	6
91	0	900	12990	35310	117	1	34410	34292	12090
426	0	4521	4526	35325	258	7	30804	30539	5
498	0	5260	35326	35485	80	3	30225	30142	30066
138	0	1362	35403	35785	221	4	34423	34198	34041
9	0	70	1591	35797	276	15	35727	35436	1521
412	0	4365	35798	35875	77	0	31510	31433	31433
161	0	1681	7377	35953	107	1	34272	34164	5696
365	0	3927	5500	36031	101	2	32104	32001	1573
150	0	1463	6009	36465	211	5	35002	34786	4546
364	0	3897	3905	36693	114	6	32796	32676	8
418	0	4466	6506	36817	116	2	32351	32233	2040
93	0	903	906	36837	232	7	35934	35695	3
420	0	4483	36919	37133	102	2	32650	32546	32436
260	0	2690	13136	37225	128	2	34535	34405	10446
379	0	4039	34412	37407	214	5	33368	33149	30373
21	0	172	177	37534	128	5	37362	37229	5
159	0	1613	37242	37595	185	4	35982	35793	35629
319	0	3323	21964	37760	149	4	34437	34284	18641
463	0	4967	4976	38004	265	9	33037	32763	9
288	0	2991	6326	38233	162	5	35242	35075	3335
309	0	3186	38019	38235	118	3	35049	34928	34833
127	0	1205	37767	38402	220	6	37197	36971	36562
480	0	5097	38236	38410	89	1	33313	33223	33139
82	0	796	9285	38672	176	4	37876	37696	8489
182	0	1813	1934	38695	173	5	36882	36704	121
331	0	3535	3557	38973	201	5	35438	35232	22
200	0	2028	38696	39083	137	3	37055	36915	36668
313	0	3242	38984	39092	93	1	35850	35756	35742
305	0	3153	3369	39597	234	10	36444	36200	216
342	0	3683	39093	39601	197	11	35918	35710	35410
495	0	5232	5241	39776	95	1	34544	34448	9
48	0	421	24366	39783	151	2	39362	39209	23945
0	0	0	-1	40043	40043	0	40043	0	-1
